<?xml version="1.0" encoding="UTF-8"?>
<testsuite name="letrain.vehicle.impl.rail.TrainTest" tests="10" skipped="0" failures="0" errors="0" timestamp="2021-01-17T20:07:00" hostname="IMATIA17013" time="0.838">
  <properties/>
  <testcase name="borrame" classname="letrain.vehicle.impl.rail.TrainTest" time="0.619"/>
  <testcase name="Crear y eliminar un nuevo tren" classname="letrain.vehicle.impl.rail.TrainTest" time="0.016"/>
  <testcase name="Crear otro tren a partir de dividir uno" classname="letrain.vehicle.impl.rail.TrainTest" time="0.012"/>
  <testcase name="Unir dos trenes" classname="letrain.vehicle.impl.rail.TrainTest" time="0.004"/>
  <testcase name="Seleccionar y obtener el mainTractor de un tren" classname="letrain.vehicle.impl.rail.TrainTest" time="0.049"/>
  <testcase name="Obtener la masa de todo un tren" classname="letrain.vehicle.impl.rail.TrainTest" time="0.011"/>
  <testcase name="suma de fuerzas en un tren" classname="letrain.vehicle.impl.rail.TrainTest" time="0.003"/>
  <testcase name="aceleración es fuerza dividida por masa" classname="letrain.vehicle.impl.rail.TrainTest" time="0.003"/>
  <testcase name="velocidad varía en cada turno según aceleración" classname="letrain.vehicle.impl.rail.TrainTest" time="0.007"/>
  <testcase name="mover el tren por la vía" classname="letrain.vehicle.impl.rail.TrainTest" time="0.109"/>
  <system-out><![CDATA[Acelerando
Antes: 0.0
Después:               0.0
Friction:0.34999996 Speed:0.0 Pos:Point{x=0, y=10} Distance:0.0
Antes: 0.0
Después:               0.0
Friction:0.34999996 Speed:0.0 Pos:Point{x=0, y=10} Distance:0.0
Antes: 0.0
Después:               0.0
Friction:0.34999996 Speed:0.0 Pos:Point{x=0, y=10} Distance:0.0
Antes: 0.0
Después:               0.0
Friction:0.34999996 Speed:0.0 Pos:Point{x=0, y=10} Distance:0.0
Antes: 0.0
Después:               0.0
Friction:0.34999996 Speed:0.0 Pos:Point{x=0, y=10} Distance:0.0
Antes: 0.0
Después:               0.0
Transmitiendo fuerza :9900.0 a Linker{, pos=Point{x=0, y=11}, dir=N}
Friction:0.34999996 Speed:0.0 Pos:Point{x=0, y=10} Distance:0.0
Antes: 0.0
Después:               2.8285713
Friction:0.34999996 Speed:0.0 Pos:Point{x=0, y=10} Distance:0.0
Antes: 0.0
Después:               2.8285713
Friction:0.34999996 Speed:0.0 Pos:Point{x=0, y=10} Distance:0.0
Antes: 0.0
Después:               2.8285713
Friction:0.34999996 Speed:0.0 Pos:Point{x=0, y=10} Distance:0.0
Antes: 0.0
Después:               2.8285713
Friction:0.34999996 Speed:0.0 Pos:Point{x=0, y=10} Distance:0.0
Antes: 0.0
Después:               2.8285713
Friction:0.34999996 Speed:0.0 Pos:Point{x=0, y=10} Distance:0.0
Antes: 0.0
Después:               2.8285713
Transmitiendo fuerza :19800.0 a Linker{, pos=Point{x=0, y=11}, dir=N}
Friction:0.34999996 Speed:0.0 Pos:Point{x=0, y=10} Distance:0.0
Antes: 0.0
Después:               5.6571426
Friction:0.34999996 Speed:0.0 Pos:Point{x=0, y=10} Distance:0.0
Antes: 0.0
Después:               5.6571426
Friction:0.34999996 Speed:0.0 Pos:Point{x=0, y=10} Distance:0.0
Antes: 0.0
Después:               5.6571426
Friction:0.34999996 Speed:0.0 Pos:Point{x=0, y=10} Distance:0.0
Antes: 0.0
Después:               5.6571426
Friction:0.34999996 Speed:0.0 Pos:Point{x=0, y=10} Distance:0.0
Antes: 0.0
Después:               5.6571426
Friction:0.34999996 Speed:0.0 Pos:Point{x=0, y=10} Distance:0.0
Antes: 0.0
Después:               5.6571426
Transmitiendo fuerza :29700.002 a Linker{, pos=Point{x=0, y=11}, dir=N}
Friction:0.34999996 Speed:0.0 Pos:Point{x=0, y=10} Distance:0.0
Antes: 0.0
Después:               8.485715
Friction:0.34999996 Speed:0.0 Pos:Point{x=0, y=10} Distance:0.0
Antes: 0.0
Después:               8.485715
Friction:0.34999996 Speed:0.0 Pos:Point{x=0, y=10} Distance:0.0
Antes: 0.0
Después:               8.485715
Friction:0.34999996 Speed:0.0 Pos:Point{x=0, y=10} Distance:0.0
Antes: 0.0
Después:               8.485715
Friction:0.34999996 Speed:0.0 Pos:Point{x=0, y=10} Distance:0.0
Antes: 0.0
Después:               8.485715
Friction:0.34999996 Speed:0.0 Pos:Point{x=0, y=10} Distance:0.0
Antes: 0.0
Después:               8.485715
Transmitiendo fuerza :39600.0 a Linker{, pos=Point{x=0, y=11}, dir=N}
Friction:0.34999996 Speed:0.0 Pos:Point{x=0, y=10} Distance:0.0
Antes: 0.0
Después:               11.314285
Friction:0.34999996 Speed:0.0 Pos:Point{x=0, y=10} Distance:0.0
Antes: 0.0
Después:               11.314285
Friction:0.34999996 Speed:0.0 Pos:Point{x=0, y=10} Distance:0.0
Antes: 0.0
Después:               11.314285
Friction:0.34999996 Speed:0.0 Pos:Point{x=0, y=10} Distance:0.0
Antes: 0.0
Después:               11.314285
Friction:0.34999996 Speed:0.0 Pos:Point{x=0, y=10} Distance:0.0
Antes: 0.0
Después:               11.314285
Friction:0.34999996 Speed:0.0 Pos:Point{x=0, y=10} Distance:0.0
Antes: 0.0
Después:               11.314285
Transmitiendo fuerza :49500.0 a Linker{, pos=Point{x=0, y=11}, dir=N}
Friction:0.34999996 Speed:0.0 Pos:Point{x=0, y=10} Distance:0.0
Antes: 0.0
Después:               14.142858
Friction:0.34999996 Speed:0.0 Pos:Point{x=0, y=10} Distance:0.0
Antes: 0.0
Después:               14.142858
Friction:0.34999996 Speed:0.0 Pos:Point{x=0, y=10} Distance:0.0
Antes: 0.0
Después:               14.142858
Friction:0.34999996 Speed:0.0 Pos:Point{x=0, y=10} Distance:0.0
Antes: 0.0
Después:               14.142858
Friction:0.34999996 Speed:0.0 Pos:Point{x=0, y=10} Distance:0.0
Antes: 0.0
Después:               14.142858
Friction:0.34999996 Speed:0.0 Pos:Point{x=0, y=10} Distance:0.0
Antes: 0.0
Después:               14.142858
Transmitiendo fuerza :59399.996 a Linker{, pos=Point{x=0, y=11}, dir=N}
Friction:0.34999996 Speed:0.0 Pos:Point{x=0, y=10} Distance:0.0
Antes: 0.0
Después:               16.971428
Friction:0.34999996 Speed:0.0 Pos:Point{x=0, y=10} Distance:0.0
Antes: 0.0
Después:               16.971428
Friction:0.34999996 Speed:0.0 Pos:Point{x=0, y=10} Distance:0.0
Antes: 0.0
Después:               16.971428
Friction:0.34999996 Speed:0.0 Pos:Point{x=0, y=10} Distance:0.0
Antes: 0.0
Después:               16.971428
Friction:0.34999996 Speed:0.0 Pos:Point{x=0, y=10} Distance:0.0
Antes: 0.0
Después:               16.971428
Friction:0.34999996 Speed:0.0 Pos:Point{x=0, y=10} Distance:0.0
Antes: 0.0
Después:               16.971428
Transmitiendo fuerza :69300.0 a Linker{, pos=Point{x=0, y=11}, dir=N}
Friction:0.34999996 Speed:0.0 Pos:Point{x=0, y=10} Distance:0.0
Antes: 0.0
Después:               19.8
Friction:0.34999996 Speed:0.0 Pos:Point{x=0, y=10} Distance:0.0
Antes: 0.0
Después:               19.8
Friction:0.34999996 Speed:0.0 Pos:Point{x=0, y=10} Distance:0.0
Antes: 0.0
Después:               19.8
Friction:0.34999996 Speed:0.0 Pos:Point{x=0, y=10} Distance:0.0
Antes: 0.0
Después:               19.8
Friction:0.34999996 Speed:0.0 Pos:Point{x=0, y=10} Distance:0.0
Antes: 0.0
Después:               19.8
Friction:0.34999996 Speed:0.0 Pos:Point{x=0, y=10} Distance:0.0
Antes: 0.0
Después:               19.8
Transmitiendo fuerza :79200.0 a Linker{, pos=Point{x=0, y=11}, dir=N}
Friction:0.34999996 Speed:0.0 Pos:Point{x=0, y=10} Distance:0.0
Antes: 0.0
Después:               22.62857
Friction:0.34999996 Speed:0.0 Pos:Point{x=0, y=10} Distance:0.0
Antes: 0.0
Después:               22.62857
Friction:0.34999996 Speed:0.0 Pos:Point{x=0, y=10} Distance:0.0
Antes: 0.0
Después:               22.62857
Friction:0.34999996 Speed:0.0 Pos:Point{x=0, y=10} Distance:0.0
Antes: 0.0
Después:               22.62857
Friction:0.34999996 Speed:0.0 Pos:Point{x=0, y=10} Distance:0.0
Antes: 0.0
Después:               22.62857
Friction:0.34999996 Speed:0.0 Pos:Point{x=0, y=10} Distance:0.0
Antes: 0.0
Después:               22.62857
Transmitiendo fuerza :89100.0 a Linker{, pos=Point{x=0, y=11}, dir=N}
Friction:0.34999996 Speed:0.0 Pos:Point{x=0, y=10} Distance:0.0
Antes: 0.0
Después:               25.457144
Friction:0.34999996 Speed:0.0 Pos:Point{x=0, y=10} Distance:0.0
Antes: 0.0
Después:               25.457144
Friction:0.34999996 Speed:0.0 Pos:Point{x=0, y=10} Distance:0.0
Antes: 0.0
Después:               25.457144
Friction:0.34999996 Speed:0.0 Pos:Point{x=0, y=10} Distance:0.0
Antes: 0.0
Después:               25.457144
Friction:0.34999996 Speed:0.0 Pos:Point{x=0, y=10} Distance:0.0
Antes: 0.0
Después:               25.457144
Friction:0.34999996 Speed:0.0 Pos:Point{x=0, y=10} Distance:0.0
Antes: 0.0
Después:               25.457144
Transmitiendo fuerza :99000.0 a Linker{, pos=Point{x=0, y=11}, dir=N}
Friction:0.34999996 Speed:0.0 Pos:Point{x=0, y=10} Distance:0.0
Antes: 0.0
Después:               28.285715
Friction:0.34999996 Speed:0.0 Pos:Point{x=0, y=10} Distance:0.0
Antes: 0.0
Después:               28.285715
Friction:0.34999996 Speed:0.0 Pos:Point{x=0, y=10} Distance:0.0
Antes: 0.0
Después:               28.285715
Friction:0.34999996 Speed:0.0 Pos:Point{x=0, y=10} Distance:0.0
Antes: 0.0
Después:               28.285715
Friction:0.34999996 Speed:0.0 Pos:Point{x=0, y=10} Distance:0.0
Antes: 0.0
Después:               28.285715
Friction:0.34999996 Speed:0.0 Pos:Point{x=0, y=10} Distance:0.0
Antes: 0.0
Después:               28.285715
Transmitiendo fuerza :108900.0 a Linker{, pos=Point{x=0, y=11}, dir=N}
Friction:0.34999996 Speed:0.0 Pos:Point{x=0, y=10} Distance:0.0
Antes: 0.0
Después:               31.114286
Friction:0.34999996 Speed:0.0 Pos:Point{x=0, y=10} Distance:0.0
Antes: 0.0
Después:               31.114286
Friction:0.34999996 Speed:0.0 Pos:Point{x=0, y=10} Distance:0.0
Antes: 0.0
Después:               31.114286
Friction:0.34999996 Speed:0.0 Pos:Point{x=0, y=10} Distance:0.0
Antes: 0.0
Después:               31.114286
Friction:0.34999996 Speed:0.0 Pos:Point{x=0, y=10} Distance:0.0
Antes: 0.0
Después:               31.114286
Friction:0.34999996 Speed:0.0 Pos:Point{x=0, y=10} Distance:0.0
Antes: 0.0
Después:               31.114286
Transmitiendo fuerza :118799.99 a Linker{, pos=Point{x=0, y=11}, dir=N}
Friction:0.34999996 Speed:0.0 Pos:Point{x=0, y=10} Distance:0.0
Antes: 0.0
Después:               33.942856
Friction:0.34999996 Speed:0.0 Pos:Point{x=0, y=10} Distance:0.0
Antes: 0.0
Después:               33.942856
Friction:0.34999996 Speed:0.0 Pos:Point{x=0, y=10} Distance:0.0
Antes: 0.0
Después:               33.942856
Friction:0.34999996 Speed:0.0 Pos:Point{x=0, y=10} Distance:0.0
Antes: 0.0
Después:               33.942856
Friction:0.34999996 Speed:0.0 Pos:Point{x=0, y=10} Distance:0.0
Antes: 0.0
Después:               33.942856
Friction:0.34999996 Speed:0.0 Pos:Point{x=0, y=10} Distance:0.0
Antes: 0.0
Después:               33.942856
Transmitiendo fuerza :128699.99 a Linker{, pos=Point{x=0, y=11}, dir=N}
Friction:0.34999996 Speed:0.0 Pos:Point{x=0, y=10} Distance:0.0
Antes: 0.0
Después:               36.771427
Friction:0.34999996 Speed:0.0 Pos:Point{x=0, y=10} Distance:0.0
Antes: 0.0
Después:               36.771427
Friction:0.34999996 Speed:0.0 Pos:Point{x=0, y=10} Distance:0.0
Antes: 0.0
Después:               36.771427
Friction:0.34999996 Speed:0.0 Pos:Point{x=0, y=10} Distance:0.0
Antes: 0.0
Después:               36.771427
Friction:0.34999996 Speed:0.0 Pos:Point{x=0, y=10} Distance:0.0
Antes: 0.0
Después:               36.771427
Friction:0.34999996 Speed:0.0 Pos:Point{x=0, y=10} Distance:0.0
Antes: 0.0
Después:               36.771427
Transmitiendo fuerza :138600.0 a Linker{, pos=Point{x=0, y=11}, dir=N}
Friction:0.34999996 Speed:0.0 Pos:Point{x=0, y=10} Distance:0.0
Antes: 0.0
Después:               39.6
Friction:0.34999996 Speed:0.0 Pos:Point{x=0, y=10} Distance:0.0
Antes: 0.0
Después:               39.6
Friction:0.34999996 Speed:0.0 Pos:Point{x=0, y=10} Distance:0.0
Antes: 0.0
Después:               39.6
Friction:0.34999996 Speed:0.0 Pos:Point{x=0, y=10} Distance:0.0
Antes: 0.0
Después:               39.6
Friction:0.34999996 Speed:0.0 Pos:Point{x=0, y=10} Distance:0.0
Antes: 0.0
Después:               39.6
Friction:0.34999996 Speed:0.0 Pos:Point{x=0, y=10} Distance:0.0
Antes: 0.0
Después:               39.6
Transmitiendo fuerza :148500.0 a Linker{, pos=Point{x=0, y=11}, dir=N}
Friction:0.34999996 Speed:0.0 Pos:Point{x=0, y=10} Distance:0.0
Antes: 0.0
Después:               42.42857
Friction:0.34999996 Speed:0.0 Pos:Point{x=0, y=10} Distance:0.0
Antes: 0.0
Después:               42.42857
Friction:0.34999996 Speed:0.0 Pos:Point{x=0, y=10} Distance:0.0
Antes: 0.0
Después:               42.42857
Friction:0.34999996 Speed:0.0 Pos:Point{x=0, y=10} Distance:0.0
Antes: 0.0
Después:               42.42857
Friction:0.34999996 Speed:0.0 Pos:Point{x=0, y=10} Distance:0.0
Antes: 0.0
Después:               42.42857
Friction:0.34999996 Speed:0.0 Pos:Point{x=0, y=10} Distance:0.0
Antes: 0.0
Después:               42.42857
Transmitiendo fuerza :158400.0 a Linker{, pos=Point{x=0, y=11}, dir=N}
Friction:0.34999996 Speed:0.0 Pos:Point{x=0, y=10} Distance:0.0
Antes: 0.0
Después:               45.25714
Friction:0.34999996 Speed:0.0 Pos:Point{x=0, y=10} Distance:0.0
Antes: 0.0
Después:               45.25714
Friction:0.34999996 Speed:0.0 Pos:Point{x=0, y=10} Distance:0.0
Antes: 0.0
Después:               45.25714
Friction:0.34999996 Speed:0.0 Pos:Point{x=0, y=10} Distance:0.0
Antes: 0.0
Después:               45.25714
Friction:0.34999996 Speed:0.0 Pos:Point{x=0, y=10} Distance:0.0
Antes: 0.0
Después:               45.25714
Friction:0.34999996 Speed:0.0 Pos:Point{x=0, y=10} Distance:0.0
Antes: 0.0
Después:               45.25714
Transmitiendo fuerza :168300.0 a Linker{, pos=Point{x=0, y=11}, dir=N}
Friction:0.34999996 Speed:0.0 Pos:Point{x=0, y=10} Distance:0.0
Antes: 0.0
Después:               48.085712
Friction:0.34999996 Speed:0.0 Pos:Point{x=0, y=10} Distance:0.0
Antes: 0.0
Después:               48.085712
Friction:0.34999996 Speed:0.0 Pos:Point{x=0, y=10} Distance:0.0
Antes: 0.0
Después:               48.085712
Friction:0.34999996 Speed:0.0 Pos:Point{x=0, y=10} Distance:0.0
Antes: 0.0
Después:               48.085712
Friction:0.34999996 Speed:0.0 Pos:Point{x=0, y=10} Distance:0.0
Antes: 0.0
Después:               48.085712
Friction:0.34999996 Speed:0.0 Pos:Point{x=0, y=10} Distance:0.0
Antes: 0.0
Después:               48.085712
Transmitiendo fuerza :178200.0 a Linker{, pos=Point{x=0, y=11}, dir=N}
Friction:0.34999996 Speed:0.0 Pos:Point{x=0, y=10} Distance:0.0
Antes: 0.0
Después:               50.914288
Friction:0.34999996 Speed:0.0 Pos:Point{x=0, y=10} Distance:0.0
Antes: 0.0
Después:               50.914288
Friction:0.34999996 Speed:0.0 Pos:Point{x=0, y=10} Distance:0.0
Antes: 0.0
Después:               50.914288
Friction:0.34999996 Speed:0.0 Pos:Point{x=0, y=10} Distance:0.0
Antes: 0.0
Después:               50.914288
Friction:0.34999996 Speed:0.0 Pos:Point{x=0, y=10} Distance:0.0
Antes: 0.0
Después:               50.914288
Friction:0.34999996 Speed:0.0 Pos:Point{x=0, y=10} Distance:0.0
Antes: 0.0
Después:               50.914288
Transmitiendo fuerza :188100.0 a Linker{, pos=Point{x=0, y=11}, dir=N}
Friction:0.34999996 Speed:0.0 Pos:Point{x=0, y=10} Distance:0.0
Antes: 0.0
Después:               53.74286
Friction:0.34999996 Speed:0.0 Pos:Point{x=0, y=10} Distance:0.0
Antes: 0.0
Después:               53.74286
Friction:0.34999996 Speed:0.0 Pos:Point{x=0, y=10} Distance:0.0
Antes: 0.0
Después:               53.74286
Friction:0.34999996 Speed:0.0 Pos:Point{x=0, y=10} Distance:0.0
Antes: 0.0
Después:               53.74286
Friction:0.34999996 Speed:0.0 Pos:Point{x=0, y=10} Distance:0.0
Antes: 0.0
Después:               53.74286
Friction:0.34999996 Speed:0.0 Pos:Point{x=0, y=10} Distance:0.0
Antes: 0.0
Después:               53.74286
Transmitiendo fuerza :198000.0 a Linker{, pos=Point{x=0, y=11}, dir=N}
Friction:0.34999996 Speed:0.0 Pos:Point{x=0, y=10} Distance:0.0
Antes: 0.0
Después:               56.57143
Friction:0.34999996 Speed:0.0 Pos:Point{x=0, y=10} Distance:0.0
Antes: 0.0
Después:               56.57143
Friction:0.34999996 Speed:0.0 Pos:Point{x=0, y=10} Distance:0.0
Antes: 0.0
Después:               56.57143
Friction:0.34999996 Speed:0.0 Pos:Point{x=0, y=10} Distance:0.0
Antes: 0.0
Después:               56.57143
Friction:0.34999996 Speed:0.0 Pos:Point{x=0, y=10} Distance:0.0
Antes: 0.0
Después:               56.57143
Friction:0.34999996 Speed:0.0 Pos:Point{x=0, y=10} Distance:0.0
Antes: 0.0
Después:               56.57143
Transmitiendo fuerza :207900.0 a Linker{, pos=Point{x=0, y=11}, dir=N}
Friction:0.34999996 Speed:0.0 Pos:Point{x=0, y=10} Distance:0.0
Antes: 0.0
Después:               59.4
Friction:0.34999996 Speed:0.0 Pos:Point{x=0, y=10} Distance:0.0
Antes: 0.0
Después:               59.4
Friction:0.34999996 Speed:0.0 Pos:Point{x=0, y=10} Distance:0.0
Antes: 0.0
Después:               59.4
Friction:0.34999996 Speed:0.0 Pos:Point{x=0, y=10} Distance:0.0
Antes: 0.0
Después:               59.4
Friction:0.34999996 Speed:0.0 Pos:Point{x=0, y=10} Distance:0.0
Antes: 0.0
Después:               59.4
Friction:0.34999996 Speed:0.0 Pos:Point{x=0, y=10} Distance:0.0
Antes: 0.0
Después:               59.4
Transmitiendo fuerza :217800.0 a Linker{, pos=Point{x=0, y=11}, dir=N}
Friction:0.34999996 Speed:0.0 Pos:Point{x=0, y=10} Distance:0.0
Antes: 0.0
Después:               62.228573
Friction:0.34999996 Speed:0.0 Pos:Point{x=0, y=10} Distance:0.0
Antes: 0.0
Después:               62.228573
Friction:0.34999996 Speed:0.0 Pos:Point{x=0, y=10} Distance:0.0
Antes: 0.0
Después:               62.228573
Friction:0.34999996 Speed:0.0 Pos:Point{x=0, y=10} Distance:0.0
Antes: 0.0
Después:               62.228573
Friction:0.34999996 Speed:0.0 Pos:Point{x=0, y=10} Distance:0.0
Antes: 0.0
Después:               62.228573
Friction:0.34999996 Speed:0.0 Pos:Point{x=0, y=10} Distance:0.0
Antes: 0.0
Después:               62.228573
Transmitiendo fuerza :227700.0 a Linker{, pos=Point{x=0, y=11}, dir=N}
Friction:0.34999996 Speed:0.0 Pos:Point{x=0, y=10} Distance:0.0
Antes: 0.0
Después:               65.057144
Friction:0.34999996 Speed:0.0 Pos:Point{x=0, y=10} Distance:0.0
Antes: 0.0
Después:               65.057144
Friction:0.34999996 Speed:0.0 Pos:Point{x=0, y=10} Distance:0.0
Antes: 0.0
Después:               65.057144
Friction:0.34999996 Speed:0.0 Pos:Point{x=0, y=10} Distance:0.0
Antes: 0.0
Después:               65.057144
Friction:0.34999996 Speed:0.0 Pos:Point{x=0, y=10} Distance:0.0
Antes: 0.0
Después:               65.057144
Friction:0.34999996 Speed:0.0 Pos:Point{x=0, y=10} Distance:0.0
Antes: 0.0
Después:               65.057144
Transmitiendo fuerza :237599.98 a Linker{, pos=Point{x=0, y=11}, dir=N}
Friction:0.34999996 Speed:0.0 Pos:Point{x=0, y=10} Distance:0.0
Antes: 0.0
Después:               67.88571
Friction:0.34999996 Speed:0.0 Pos:Point{x=0, y=10} Distance:0.0
Antes: 0.0
Después:               67.88571
Friction:0.34999996 Speed:0.0 Pos:Point{x=0, y=10} Distance:0.0
Antes: 0.0
Después:               67.88571
Friction:0.34999996 Speed:0.0 Pos:Point{x=0, y=10} Distance:0.0
Antes: 0.0
Después:               67.88571
Friction:0.34999996 Speed:0.0 Pos:Point{x=0, y=10} Distance:0.0
Antes: 0.0
Después:               67.88571
Friction:0.34999996 Speed:0.0 Pos:Point{x=0, y=10} Distance:0.0
Antes: 0.0
Después:               67.88571
Transmitiendo fuerza :247499.98 a Linker{, pos=Point{x=0, y=11}, dir=N}
Friction:0.34999996 Speed:0.0 Pos:Point{x=0, y=10} Distance:0.0
Antes: 0.0
Después:               70.71428
Friction:0.34999996 Speed:0.0 Pos:Point{x=0, y=10} Distance:0.0
Antes: 0.0
Después:               70.71428
Friction:0.34999996 Speed:0.0 Pos:Point{x=0, y=10} Distance:0.0
Antes: 0.0
Después:               70.71428
Friction:0.34999996 Speed:0.0 Pos:Point{x=0, y=10} Distance:0.0
Antes: 0.0
Después:               70.71428
Friction:0.34999996 Speed:0.0 Pos:Point{x=0, y=10} Distance:0.0
Antes: 0.0
Después:               70.71428
Friction:0.34999996 Speed:0.0 Pos:Point{x=0, y=10} Distance:0.0
Antes: 0.0
Después:               70.71428
Transmitiendo fuerza :257399.97 a Linker{, pos=Point{x=0, y=11}, dir=N}
Friction:0.34999996 Speed:0.0 Pos:Point{x=0, y=10} Distance:0.0
Antes: 0.0
Después:               73.54285
Friction:0.34999996 Speed:0.0 Pos:Point{x=0, y=10} Distance:0.0
Antes: 0.0
Después:               73.54285
Friction:0.34999996 Speed:0.0 Pos:Point{x=0, y=10} Distance:0.0
Antes: 0.0
Después:               73.54285
Friction:0.34999996 Speed:0.0 Pos:Point{x=0, y=10} Distance:0.0
Antes: 0.0
Después:               73.54285
Friction:0.34999996 Speed:0.0 Pos:Point{x=0, y=10} Distance:0.0
Antes: 0.0
Después:               73.54285
Friction:0.34999996 Speed:0.0 Pos:Point{x=0, y=10} Distance:0.0
Antes: 0.0
Después:               73.54285
Transmitiendo fuerza :267299.94 a Linker{, pos=Point{x=0, y=11}, dir=N}
Friction:0.34999996 Speed:0.0 Pos:Point{x=0, y=10} Distance:0.0
Antes: 0.0
Después:               76.371414
Friction:0.34999996 Speed:0.0 Pos:Point{x=0, y=10} Distance:0.0
Antes: 0.0
Después:               76.371414
Friction:0.34999996 Speed:0.0 Pos:Point{x=0, y=10} Distance:0.0
Antes: 0.0
Después:               76.371414
Friction:0.34999996 Speed:0.0 Pos:Point{x=0, y=10} Distance:0.0
Antes: 0.0
Después:               76.371414
Friction:0.34999996 Speed:0.0 Pos:Point{x=0, y=10} Distance:0.0
Antes: 0.0
Después:               76.371414
Friction:0.34999996 Speed:0.0 Pos:Point{x=0, y=10} Distance:0.0
Antes: 0.0
Después:               76.371414
Transmitiendo fuerza :277199.94 a Linker{, pos=Point{x=0, y=11}, dir=N}
Friction:0.34999996 Speed:0.0 Pos:Point{x=0, y=10} Distance:0.0
Antes: 0.0
Después:               79.19998
Friction:0.34999996 Speed:0.0 Pos:Point{x=0, y=10} Distance:0.0
Antes: 0.0
Después:               79.19998
Friction:0.34999996 Speed:0.0 Pos:Point{x=0, y=10} Distance:0.0
Antes: 0.0
Después:               79.19998
Friction:0.34999996 Speed:0.0 Pos:Point{x=0, y=10} Distance:0.0
Antes: 0.0
Después:               79.19998
Friction:0.34999996 Speed:0.0 Pos:Point{x=0, y=10} Distance:0.0
Antes: 0.0
Después:               79.19998
Friction:0.34999996 Speed:0.0 Pos:Point{x=0, y=10} Distance:0.0
Antes: 0.0
Después:               79.19998
Transmitiendo fuerza :287099.94 a Linker{, pos=Point{x=0, y=11}, dir=N}
Friction:0.34999996 Speed:0.0 Pos:Point{x=0, y=10} Distance:0.0
Antes: 0.0
Después:               82.02856
Friction:0.34999996 Speed:0.0 Pos:Point{x=0, y=10} Distance:0.0
Antes: 0.0
Después:               82.02856
Friction:0.34999996 Speed:0.0 Pos:Point{x=0, y=10} Distance:0.0
Antes: 0.0
Después:               82.02856
Friction:0.34999996 Speed:0.0 Pos:Point{x=0, y=10} Distance:0.0
Antes: 0.0
Después:               82.02856
Friction:0.34999996 Speed:0.0 Pos:Point{x=0, y=10} Distance:0.0
Antes: 0.0
Después:               82.02856
Friction:0.34999996 Speed:0.0 Pos:Point{x=0, y=10} Distance:0.0
Antes: 0.0
Después:               82.02856
Transmitiendo fuerza :296999.94 a Linker{, pos=Point{x=0, y=11}, dir=N}
Friction:0.34999996 Speed:0.0 Pos:Point{x=0, y=10} Distance:0.0
Antes: 0.0
Después:               84.857124
Friction:0.34999996 Speed:0.0 Pos:Point{x=0, y=10} Distance:0.0
Antes: 0.0
Después:               84.857124
Friction:0.34999996 Speed:0.0 Pos:Point{x=0, y=10} Distance:0.0
Antes: 0.0
Después:               84.857124
Friction:0.34999996 Speed:0.0 Pos:Point{x=0, y=10} Distance:0.0
Antes: 0.0
Después:               84.857124
Friction:0.34999996 Speed:0.0 Pos:Point{x=0, y=10} Distance:0.0
Antes: 0.0
Después:               84.857124
Friction:0.34999996 Speed:0.0 Pos:Point{x=0, y=10} Distance:0.0
Antes: 0.0
Después:               84.857124
Transmitiendo fuerza :306899.9 a Linker{, pos=Point{x=0, y=11}, dir=N}
Friction:0.34999996 Speed:0.0 Pos:Point{x=0, y=10} Distance:0.0
Antes: 0.0
Después:               87.685684
Friction:0.34999996 Speed:0.0 Pos:Point{x=0, y=10} Distance:0.0
Antes: 0.0
Después:               87.685684
Friction:0.34999996 Speed:0.0 Pos:Point{x=0, y=10} Distance:0.0
Antes: 0.0
Después:               87.685684
Friction:0.34999996 Speed:0.0 Pos:Point{x=0, y=10} Distance:0.0
Antes: 0.0
Después:               87.685684
Friction:0.34999996 Speed:0.0 Pos:Point{x=0, y=10} Distance:0.0
Antes: 0.0
Después:               87.685684
Friction:0.34999996 Speed:0.0 Pos:Point{x=0, y=10} Distance:0.0
Antes: 0.0
Después:               87.685684
Transmitiendo fuerza :316799.88 a Linker{, pos=Point{x=0, y=11}, dir=N}
Friction:0.34999996 Speed:0.0 Pos:Point{x=0, y=10} Distance:0.0
Antes: 0.0
Después:               90.51425
Friction:0.34999996 Speed:0.0 Pos:Point{x=0, y=10} Distance:0.0
Antes: 0.0
Después:               90.51425
Friction:0.34999996 Speed:0.0 Pos:Point{x=0, y=10} Distance:0.0
Antes: 0.0
Después:               90.51425
Friction:0.34999996 Speed:0.0 Pos:Point{x=0, y=10} Distance:0.0
Antes: 0.0
Después:               90.51425
Friction:0.34999996 Speed:0.0 Pos:Point{x=0, y=10} Distance:0.0
Antes: 0.0
Después:               90.51425
Friction:0.34999996 Speed:0.0 Pos:Point{x=0, y=10} Distance:0.0
Antes: 0.0
Después:               90.51425
Transmitiendo fuerza :326699.88 a Linker{, pos=Point{x=0, y=11}, dir=N}
Friction:0.34999996 Speed:0.0 Pos:Point{x=0, y=10} Distance:0.0
Antes: 0.0
Después:               93.34282
Friction:0.34999996 Speed:0.0 Pos:Point{x=0, y=10} Distance:0.0
Antes: 0.0
Después:               93.34282
Friction:0.34999996 Speed:0.0 Pos:Point{x=0, y=10} Distance:0.0
Antes: 0.0
Después:               93.34282
Friction:0.34999996 Speed:0.0 Pos:Point{x=0, y=10} Distance:0.0
Antes: 0.0
Después:               93.34282
Friction:0.34999996 Speed:0.0 Pos:Point{x=0, y=10} Distance:0.0
Antes: 0.0
Después:               93.34282
Friction:0.34999996 Speed:0.0 Pos:Point{x=0, y=10} Distance:0.0
Antes: 0.0
Después:               93.34282
Transmitiendo fuerza :336599.84 a Linker{, pos=Point{x=0, y=11}, dir=N}
Friction:0.34999996 Speed:0.0 Pos:Point{x=0, y=10} Distance:0.0
Antes: 0.0
Después:               96.17139
Friction:0.34999996 Speed:0.0 Pos:Point{x=0, y=10} Distance:0.0
Antes: 0.0
Después:               96.17139
Friction:0.34999996 Speed:0.0 Pos:Point{x=0, y=10} Distance:0.0
Antes: 0.0
Después:               96.17139
Friction:0.34999996 Speed:0.0 Pos:Point{x=0, y=10} Distance:0.0
Antes: 0.0
Después:               96.17139
Friction:0.34999996 Speed:0.0 Pos:Point{x=0, y=10} Distance:0.0
Antes: 0.0
Después:               96.17139
Friction:0.34999996 Speed:0.0 Pos:Point{x=0, y=10} Distance:0.0
Antes: 0.0
Después:               96.17139
Transmitiendo fuerza :346499.84 a Linker{, pos=Point{x=0, y=11}, dir=N}
Friction:0.34999996 Speed:0.0 Pos:Point{x=0, y=10} Distance:0.0
Antes: 0.0
Después:               98.999954
Friction:0.34999996 Speed:0.0 Pos:Point{x=0, y=10} Distance:0.0
Antes: 0.0
Después:               98.999954
Friction:0.34999996 Speed:0.0 Pos:Point{x=0, y=10} Distance:0.0
Antes: 0.0
Después:               98.999954
Friction:0.34999996 Speed:0.0 Pos:Point{x=0, y=10} Distance:0.0
Antes: 0.0
Después:               98.999954
Friction:0.34999996 Speed:0.0 Pos:Point{x=0, y=10} Distance:0.0
Antes: 0.0
Después:               98.999954
Friction:0.34999996 Speed:0.0 Pos:Point{x=0, y=10} Distance:0.0
Antes: 0.0
Después:               98.999954
Transmitiendo fuerza :356399.8 a Linker{, pos=Point{x=0, y=11}, dir=N}
Friction:0.34999996 Speed:0.0 Pos:Point{x=0, y=10} Distance:0.0
Antes: 0.0
Después:               101.828514
Friction:0.34999996 Speed:0.0 Pos:Point{x=0, y=10} Distance:0.0
Antes: 0.0
Después:               101.828514
Friction:0.34999996 Speed:0.0 Pos:Point{x=0, y=10} Distance:0.0
Antes: 0.0
Después:               101.828514
Friction:0.34999996 Speed:0.0 Pos:Point{x=0, y=10} Distance:0.0
Antes: 0.0
Después:               101.828514
Friction:0.34999996 Speed:0.0 Pos:Point{x=0, y=10} Distance:0.0
Antes: 0.0
Después:               101.828514
Friction:0.34999996 Speed:0.0 Pos:Point{x=0, y=10} Distance:0.0
Antes: 0.0
Después:               101.828514
Transmitiendo fuerza :366299.78 a Linker{, pos=Point{x=0, y=11}, dir=N}
Friction:0.34999996 Speed:0.0 Pos:Point{x=0, y=10} Distance:0.0
Antes: 0.0
Después:               104.65708
Friction:0.34999996 Speed:0.0 Pos:Point{x=0, y=10} Distance:0.0
Antes: 0.0
Después:               104.65708
Friction:0.34999996 Speed:0.0 Pos:Point{x=0, y=10} Distance:0.0
Antes: 0.0
Después:               104.65708
Friction:0.34999996 Speed:0.0 Pos:Point{x=0, y=10} Distance:0.0
Antes: 0.0
Después:               104.65708
Friction:0.34999996 Speed:0.0 Pos:Point{x=0, y=10} Distance:0.0
Antes: 0.0
Después:               104.65708
Friction:0.34999996 Speed:0.0 Pos:Point{x=0, y=10} Distance:0.0
Antes: 0.0
Después:               104.65708
Transmitiendo fuerza :376199.78 a Linker{, pos=Point{x=0, y=11}, dir=N}
Friction:0.34999996 Speed:0.0 Pos:Point{x=0, y=10} Distance:0.0
Antes: 0.0
Después:               107.48565
Friction:0.34999996 Speed:0.0 Pos:Point{x=0, y=10} Distance:0.0
Antes: 0.0
Después:               107.48565
Friction:0.34999996 Speed:0.0 Pos:Point{x=0, y=10} Distance:0.0
Antes: 0.0
Después:               107.48565
Friction:0.34999996 Speed:0.0 Pos:Point{x=0, y=10} Distance:0.0
Antes: 0.0
Después:               107.48565
Friction:0.34999996 Speed:0.0 Pos:Point{x=0, y=10} Distance:0.0
Antes: 0.0
Después:               107.48565
Friction:0.34999996 Speed:0.0 Pos:Point{x=0, y=10} Distance:0.0
Antes: 0.0
Después:               107.48565
Transmitiendo fuerza :386099.75 a Linker{, pos=Point{x=0, y=11}, dir=N}
Friction:0.34999996 Speed:0.0 Pos:Point{x=0, y=10} Distance:0.0
Antes: 0.0
Después:               110.31422
Friction:0.34999996 Speed:0.0 Pos:Point{x=0, y=10} Distance:0.0
Antes: 0.0
Después:               110.31422
Friction:0.34999996 Speed:0.0 Pos:Point{x=0, y=10} Distance:0.0
Antes: 0.0
Después:               110.31422
Friction:0.34999996 Speed:0.0 Pos:Point{x=0, y=10} Distance:0.0
Antes: 0.0
Después:               110.31422
Friction:0.34999996 Speed:0.0 Pos:Point{x=0, y=10} Distance:0.0
Antes: 0.0
Después:               110.31422
Friction:0.34999996 Speed:0.0 Pos:Point{x=0, y=10} Distance:0.0
Antes: 0.0
Después:               110.31422
Transmitiendo fuerza :395999.75 a Linker{, pos=Point{x=0, y=11}, dir=N}
Friction:0.34999996 Speed:0.0 Pos:Point{x=0, y=10} Distance:0.0
Antes: 0.0
Después:               113.142784
Friction:0.34999996 Speed:0.0 Pos:Point{x=0, y=10} Distance:0.0
Antes: 0.0
Después:               113.142784
Friction:0.34999996 Speed:0.0 Pos:Point{x=0, y=10} Distance:0.0
Antes: 0.0
Después:               113.142784
Friction:0.34999996 Speed:0.0 Pos:Point{x=0, y=10} Distance:0.0
Antes: 0.0
Después:               113.142784
Friction:0.34999996 Speed:0.0 Pos:Point{x=0, y=10} Distance:0.0
Antes: 0.0
Después:               113.142784
Friction:0.34999996 Speed:0.0 Pos:Point{x=0, y=10} Distance:0.0
Antes: 0.0
Después:               113.142784
Transmitiendo fuerza :405899.72 a Linker{, pos=Point{x=0, y=11}, dir=N}
Friction:0.34999996 Speed:0.0 Pos:Point{x=0, y=10} Distance:0.0
Antes: 0.0
Después:               115.97135
Friction:0.34999996 Speed:0.0 Pos:Point{x=0, y=10} Distance:0.0
Antes: 0.0
Después:               115.97135
Friction:0.34999996 Speed:0.0 Pos:Point{x=0, y=10} Distance:0.0
Antes: 0.0
Después:               115.97135
Friction:0.34999996 Speed:0.0 Pos:Point{x=0, y=10} Distance:0.0
Antes: 0.0
Después:               115.97135
Friction:0.34999996 Speed:0.0 Pos:Point{x=0, y=10} Distance:0.0
Antes: 0.0
Después:               115.97135
Friction:0.34999996 Speed:0.0 Pos:Point{x=0, y=10} Distance:0.0
Antes: 0.0
Después:               115.97135
Transmitiendo fuerza :415799.72 a Linker{, pos=Point{x=0, y=11}, dir=N}
Friction:0.34999996 Speed:0.0 Pos:Point{x=0, y=10} Distance:0.0
Antes: 0.0
Después:               118.79992
Friction:0.34999996 Speed:0.0 Pos:Point{x=0, y=10} Distance:0.0
Antes: 0.0
Después:               118.79992
Friction:0.34999996 Speed:0.0 Pos:Point{x=0, y=10} Distance:0.0
Antes: 0.0
Después:               118.79992
Friction:0.34999996 Speed:0.0 Pos:Point{x=0, y=10} Distance:0.0
Antes: 0.0
Después:               118.79992
Friction:0.34999996 Speed:0.0 Pos:Point{x=0, y=10} Distance:0.0
Antes: 0.0
Después:               118.79992
Friction:0.34999996 Speed:0.0 Pos:Point{x=0, y=10} Distance:0.0
Antes: 0.0
Después:               118.79992
Transmitiendo fuerza :425699.72 a Linker{, pos=Point{x=0, y=11}, dir=N}
Friction:0.34999996 Speed:0.0 Pos:Point{x=0, y=10} Distance:0.0
Antes: 0.0
Después:               121.628494
Friction:0.34999996 Speed:0.0 Pos:Point{x=0, y=10} Distance:0.0
Antes: 0.0
Después:               121.628494
Friction:0.34999996 Speed:0.0 Pos:Point{x=0, y=10} Distance:0.0
Antes: 0.0
Después:               121.628494
Friction:0.34999996 Speed:0.0 Pos:Point{x=0, y=10} Distance:0.0
Antes: 0.0
Después:               121.628494
Friction:0.34999996 Speed:0.0 Pos:Point{x=0, y=10} Distance:0.0
Antes: 0.0
Después:               121.628494
Friction:0.34999996 Speed:0.0 Pos:Point{x=0, y=10} Distance:0.0
Antes: 0.0
Después:               121.628494
Transmitiendo fuerza :435599.72 a Linker{, pos=Point{x=0, y=11}, dir=N}
Friction:0.34999996 Speed:0.0 Pos:Point{x=0, y=10} Distance:0.0
Antes: 0.0
Después:               124.45706
Friction:0.34999996 Speed:0.0 Pos:Point{x=0, y=10} Distance:0.0
Antes: 0.0
Después:               124.45706
Friction:0.34999996 Speed:0.0 Pos:Point{x=0, y=10} Distance:0.0
Antes: 0.0
Después:               124.45706
Friction:0.34999996 Speed:0.0 Pos:Point{x=0, y=10} Distance:0.0
Antes: 0.0
Después:               124.45706
Friction:0.34999996 Speed:0.0 Pos:Point{x=0, y=10} Distance:0.0
Antes: 0.0
Después:               124.45706
Friction:0.34999996 Speed:0.0 Pos:Point{x=0, y=10} Distance:0.0
Antes: 0.0
Después:               124.45706
Transmitiendo fuerza :445499.7 a Linker{, pos=Point{x=0, y=11}, dir=N}
Friction:0.34999996 Speed:0.0 Pos:Point{x=0, y=10} Distance:0.0
Antes: 0.0
Después:               127.28562
Friction:0.34999996 Speed:0.0 Pos:Point{x=0, y=10} Distance:0.0
Antes: 0.0
Después:               127.28562
Friction:0.34999996 Speed:0.0 Pos:Point{x=0, y=10} Distance:0.0
Antes: 0.0
Después:               127.28562
Friction:0.34999996 Speed:0.0 Pos:Point{x=0, y=10} Distance:0.0
Antes: 0.0
Después:               127.28562
Friction:0.34999996 Speed:0.0 Pos:Point{x=0, y=10} Distance:0.0
Antes: 0.0
Después:               127.28562
Friction:0.34999996 Speed:0.0 Pos:Point{x=0, y=10} Distance:0.0
Antes: 0.0
Después:               127.28562
Transmitiendo fuerza :455399.7 a Linker{, pos=Point{x=0, y=11}, dir=N}
Friction:0.34999996 Speed:0.0 Pos:Point{x=0, y=10} Distance:0.0
Antes: 0.0
Después:               130.1142
Friction:0.34999996 Speed:0.0 Pos:Point{x=0, y=10} Distance:0.0
Antes: 0.0
Después:               130.1142
Friction:0.34999996 Speed:0.0 Pos:Point{x=0, y=10} Distance:0.0
Antes: 0.0
Después:               130.1142
Friction:0.34999996 Speed:0.0 Pos:Point{x=0, y=10} Distance:0.0
Antes: 0.0
Después:               130.1142
Friction:0.34999996 Speed:0.0 Pos:Point{x=0, y=10} Distance:0.0
Antes: 0.0
Después:               130.1142
Friction:0.34999996 Speed:0.0 Pos:Point{x=0, y=10} Distance:0.0
Antes: 0.0
Después:               130.1142
Transmitiendo fuerza :465299.72 a Linker{, pos=Point{x=0, y=11}, dir=N}
Friction:0.34999996 Speed:0.0 Pos:Point{x=0, y=10} Distance:0.0
Antes: 0.0
Después:               132.94278
Friction:0.34999996 Speed:0.0 Pos:Point{x=0, y=10} Distance:0.0
Antes: 0.0
Después:               132.94278
Friction:0.34999996 Speed:0.0 Pos:Point{x=0, y=10} Distance:0.0
Antes: 0.0
Después:               132.94278
Friction:0.34999996 Speed:0.0 Pos:Point{x=0, y=10} Distance:0.0
Antes: 0.0
Después:               132.94278
Friction:0.34999996 Speed:0.0 Pos:Point{x=0, y=10} Distance:0.0
Antes: 0.0
Después:               132.94278
Friction:0.34999996 Speed:0.0 Pos:Point{x=0, y=10} Distance:0.0
Antes: 0.0
Después:               132.94278
Transmitiendo fuerza :475199.78 a Linker{, pos=Point{x=0, y=11}, dir=N}
Friction:0.34999996 Speed:0.0 Pos:Point{x=0, y=10} Distance:0.0
Antes: 0.0
Después:               135.77136
Friction:0.34999996 Speed:0.0 Pos:Point{x=0, y=10} Distance:0.0
Antes: 0.0
Después:               135.77136
Friction:0.34999996 Speed:0.0 Pos:Point{x=0, y=10} Distance:0.0
Antes: 0.0
Después:               135.77136
Friction:0.34999996 Speed:0.0 Pos:Point{x=0, y=10} Distance:0.0
Antes: 0.0
Después:               135.77136
Friction:0.34999996 Speed:0.0 Pos:Point{x=0, y=10} Distance:0.0
Antes: 0.0
Después:               135.77136
Friction:0.34999996 Speed:0.0 Pos:Point{x=0, y=10} Distance:0.0
Antes: 0.0
Después:               135.77136
Transmitiendo fuerza :485099.8 a Linker{, pos=Point{x=0, y=11}, dir=N}
Friction:0.34999996 Speed:0.0 Pos:Point{x=0, y=10} Distance:0.0
Antes: 0.0
Después:               138.59995
Friction:0.34999996 Speed:0.0 Pos:Point{x=0, y=10} Distance:0.0
Antes: 0.0
Después:               138.59995
Friction:0.34999996 Speed:0.0 Pos:Point{x=0, y=10} Distance:0.0
Antes: 0.0
Después:               138.59995
Friction:0.34999996 Speed:0.0 Pos:Point{x=0, y=10} Distance:0.0
Antes: 0.0
Después:               138.59995
Friction:0.34999996 Speed:0.0 Pos:Point{x=0, y=10} Distance:0.0
Antes: 0.0
Después:               138.59995
Friction:0.34999996 Speed:0.0 Pos:Point{x=0, y=10} Distance:0.0
Antes: 0.0
Después:               138.59995
Transmitiendo fuerza :494999.84 a Linker{, pos=Point{x=0, y=11}, dir=N}
Friction:0.34999996 Speed:0.0 Pos:Point{x=0, y=10} Distance:0.0
Antes: 0.0
Después:               141.42853
Friction:0.34999996 Speed:0.0 Pos:Point{x=0, y=10} Distance:0.0
Antes: 0.0
Después:               141.42853
Friction:0.34999996 Speed:0.0 Pos:Point{x=0, y=10} Distance:0.0
Antes: 0.0
Después:               141.42853
Friction:0.34999996 Speed:0.0 Pos:Point{x=0, y=10} Distance:0.0
Antes: 0.0
Después:               141.42853
Friction:0.34999996 Speed:0.0 Pos:Point{x=0, y=10} Distance:0.0
Antes: 0.0
Después:               141.42853
Friction:0.34999996 Speed:0.0 Pos:Point{x=0, y=10} Distance:0.0
Antes: 0.0
Después:               141.42853
Transmitiendo fuerza :504899.88 a Linker{, pos=Point{x=0, y=11}, dir=N}
Friction:0.34999996 Speed:0.0 Pos:Point{x=0, y=10} Distance:0.0
Antes: 0.0
Después:               144.25711
Friction:0.34999996 Speed:0.0 Pos:Point{x=0, y=10} Distance:0.0
Antes: 0.0
Después:               144.25711
Friction:0.34999996 Speed:0.0 Pos:Point{x=0, y=10} Distance:0.0
Antes: 0.0
Después:               144.25711
Friction:0.34999996 Speed:0.0 Pos:Point{x=0, y=10} Distance:0.0
Antes: 0.0
Después:               144.25711
Friction:0.34999996 Speed:0.0 Pos:Point{x=0, y=10} Distance:0.0
Antes: 0.0
Después:               144.25711
Friction:0.34999996 Speed:0.0 Pos:Point{x=0, y=10} Distance:0.0
Antes: 0.0
Después:               144.25711
Transmitiendo fuerza :514799.94 a Linker{, pos=Point{x=0, y=11}, dir=N}
Friction:0.34999996 Speed:0.0 Pos:Point{x=0, y=10} Distance:0.0
Antes: 0.0
Después:               147.0857
Friction:0.34999996 Speed:0.0 Pos:Point{x=0, y=10} Distance:0.0
Antes: 0.0
Después:               147.0857
Friction:0.34999996 Speed:0.0 Pos:Point{x=0, y=10} Distance:0.0
Antes: 0.0
Después:               147.0857
Friction:0.34999996 Speed:0.0 Pos:Point{x=0, y=10} Distance:0.0
Antes: 0.0
Después:               147.0857
Friction:0.34999996 Speed:0.0 Pos:Point{x=0, y=10} Distance:0.0
Antes: 0.0
Después:               147.0857
Friction:0.34999996 Speed:0.0 Pos:Point{x=0, y=10} Distance:0.0
Antes: 0.0
Después:               147.0857
Transmitiendo fuerza :524699.94 a Linker{, pos=Point{x=0, y=11}, dir=N}
Friction:0.34999996 Speed:0.0 Pos:Point{x=0, y=10} Distance:0.0
Antes: 0.0
Después:               149.91426
Friction:0.34999996 Speed:0.0 Pos:Point{x=0, y=10} Distance:0.0
Antes: 0.0
Después:               149.91426
Friction:0.34999996 Speed:0.0 Pos:Point{x=0, y=10} Distance:0.0
Antes: 0.0
Después:               149.91426
Friction:0.34999996 Speed:0.0 Pos:Point{x=0, y=10} Distance:0.0
Antes: 0.0
Después:               149.91426
Friction:0.34999996 Speed:0.0 Pos:Point{x=0, y=10} Distance:0.0
Antes: 0.0
Después:               149.91426
Friction:0.34999996 Speed:0.0 Pos:Point{x=0, y=10} Distance:0.0
Antes: 0.0
Después:               149.91426
Transmitiendo fuerza :534599.94 a Linker{, pos=Point{x=0, y=11}, dir=N}
Friction:0.34999996 Speed:0.0 Pos:Point{x=0, y=10} Distance:0.0
Antes: 0.0
Después:               152.74284
Friction:0.34999996 Speed:0.0 Pos:Point{x=0, y=10} Distance:0.0
Antes: 0.0
Después:               152.74284
Friction:0.34999996 Speed:0.0 Pos:Point{x=0, y=10} Distance:0.0
Antes: 0.0
Después:               152.74284
Friction:0.34999996 Speed:0.0 Pos:Point{x=0, y=10} Distance:0.0
Antes: 0.0
Después:               152.74284
Friction:0.34999996 Speed:0.0 Pos:Point{x=0, y=10} Distance:0.0
Antes: 0.0
Después:               152.74284
Friction:0.34999996 Speed:0.0 Pos:Point{x=0, y=10} Distance:0.0
Antes: 0.0
Después:               152.74284
Transmitiendo fuerza :544500.0 a Linker{, pos=Point{x=0, y=11}, dir=N}
Friction:0.34999996 Speed:0.0 Pos:Point{x=0, y=10} Distance:0.0
Antes: 0.0
Después:               155.57143
Friction:0.34999996 Speed:0.0 Pos:Point{x=0, y=10} Distance:0.0
Antes: 0.0
Después:               155.57143
Friction:0.34999996 Speed:0.0 Pos:Point{x=0, y=10} Distance:0.0
Antes: 0.0
Después:               155.57143
Friction:0.34999996 Speed:0.0 Pos:Point{x=0, y=10} Distance:0.0
Antes: 0.0
Después:               155.57143
Friction:0.34999996 Speed:0.0 Pos:Point{x=0, y=10} Distance:0.0
Antes: 0.0
Después:               155.57143
Friction:0.34999996 Speed:0.0 Pos:Point{x=0, y=10} Distance:0.0
Antes: 0.0
Después:               155.57143
Transmitiendo fuerza :554400.06 a Linker{, pos=Point{x=0, y=11}, dir=N}
Friction:0.34999996 Speed:0.0 Pos:Point{x=0, y=10} Distance:0.0
Antes: 0.0
Después:               158.40002
Friction:0.34999996 Speed:0.0 Pos:Point{x=0, y=10} Distance:0.0
Antes: 0.0
Después:               158.40002
Friction:0.34999996 Speed:0.0 Pos:Point{x=0, y=10} Distance:0.0
Antes: 0.0
Después:               158.40002
Friction:0.34999996 Speed:0.0 Pos:Point{x=0, y=10} Distance:0.0
Antes: 0.0
Después:               158.40002
Friction:0.34999996 Speed:0.0 Pos:Point{x=0, y=10} Distance:0.0
Antes: 0.0
Después:               158.40002
Friction:0.34999996 Speed:0.0 Pos:Point{x=0, y=10} Distance:0.0
Antes: 0.0
Después:               158.40002
Transmitiendo fuerza :564300.1 a Linker{, pos=Point{x=0, y=11}, dir=N}
Friction:0.34999996 Speed:0.0 Pos:Point{x=0, y=10} Distance:0.0
Antes: 0.0
Después:               161.2286
Friction:0.34999996 Speed:0.0 Pos:Point{x=0, y=10} Distance:0.0
Antes: 0.0
Después:               161.2286
Friction:0.34999996 Speed:0.0 Pos:Point{x=0, y=10} Distance:0.0
Antes: 0.0
Después:               161.2286
Friction:0.34999996 Speed:0.0 Pos:Point{x=0, y=10} Distance:0.0
Antes: 0.0
Después:               161.2286
Friction:0.34999996 Speed:0.0 Pos:Point{x=0, y=10} Distance:0.0
Antes: 0.0
Después:               161.2286
Friction:0.34999996 Speed:0.0 Pos:Point{x=0, y=10} Distance:0.0
Antes: 0.0
Después:               161.2286
Transmitiendo fuerza :574200.2 a Linker{, pos=Point{x=0, y=11}, dir=N}
Friction:0.34999996 Speed:0.0 Pos:Point{x=0, y=10} Distance:0.0
Antes: 0.0
Después:               164.05719
Friction:0.34999996 Speed:0.0 Pos:Point{x=0, y=10} Distance:0.0
Antes: 0.0
Después:               164.05719
Friction:0.34999996 Speed:0.0 Pos:Point{x=0, y=10} Distance:0.0
Antes: 0.0
Después:               164.05719
Friction:0.34999996 Speed:0.0 Pos:Point{x=0, y=10} Distance:0.0
Antes: 0.0
Después:               164.05719
Friction:0.34999996 Speed:0.0 Pos:Point{x=0, y=10} Distance:0.0
Antes: 0.0
Después:               164.05719
Friction:0.34999996 Speed:0.0 Pos:Point{x=0, y=10} Distance:0.0
Antes: 0.0
Después:               164.05719
Transmitiendo fuerza :584100.2 a Linker{, pos=Point{x=0, y=11}, dir=N}
Friction:0.34999996 Speed:0.0 Pos:Point{x=0, y=10} Distance:0.0
Antes: 0.0
Después:               166.88577
Friction:0.34999996 Speed:0.0 Pos:Point{x=0, y=10} Distance:0.0
Antes: 0.0
Después:               166.88577
Friction:0.34999996 Speed:0.0 Pos:Point{x=0, y=10} Distance:0.0
Antes: 0.0
Después:               166.88577
Friction:0.34999996 Speed:0.0 Pos:Point{x=0, y=10} Distance:0.0
Antes: 0.0
Después:               166.88577
Friction:0.34999996 Speed:0.0 Pos:Point{x=0, y=10} Distance:0.0
Antes: 0.0
Después:               166.88577
Friction:0.34999996 Speed:0.0 Pos:Point{x=0, y=10} Distance:0.0
Antes: 0.0
Después:               166.88577
Transmitiendo fuerza :594000.25 a Linker{, pos=Point{x=0, y=11}, dir=N}
Friction:0.34999996 Speed:0.0 Pos:Point{x=0, y=10} Distance:0.0
Antes: 0.0
Después:               169.71436
Friction:0.34999996 Speed:0.0 Pos:Point{x=0, y=10} Distance:0.0
Antes: 0.0
Después:               169.71436
Friction:0.34999996 Speed:0.0 Pos:Point{x=0, y=10} Distance:0.0
Antes: 0.0
Después:               169.71436
Friction:0.34999996 Speed:0.0 Pos:Point{x=0, y=10} Distance:0.0
Antes: 0.0
Después:               169.71436
Friction:0.34999996 Speed:0.0 Pos:Point{x=0, y=10} Distance:0.0
Antes: 0.0
Después:               169.71436
Friction:0.34999996 Speed:0.0 Pos:Point{x=0, y=10} Distance:0.0
Antes: 0.0
Después:               169.71436
Transmitiendo fuerza :603900.3 a Linker{, pos=Point{x=0, y=11}, dir=N}
Friction:0.34999996 Speed:0.0 Pos:Point{x=0, y=10} Distance:0.0
Antes: 0.0
Después:               172.54295
Friction:0.34999996 Speed:0.0 Pos:Point{x=0, y=10} Distance:0.0
Antes: 0.0
Después:               172.54295
Friction:0.34999996 Speed:0.0 Pos:Point{x=0, y=10} Distance:0.0
Antes: 0.0
Después:               172.54295
Friction:0.34999996 Speed:0.0 Pos:Point{x=0, y=10} Distance:0.0
Antes: 0.0
Después:               172.54295
Friction:0.34999996 Speed:0.0 Pos:Point{x=0, y=10} Distance:0.0
Antes: 0.0
Después:               172.54295
Friction:0.34999996 Speed:0.0 Pos:Point{x=0, y=10} Distance:0.0
Antes: 0.0
Después:               172.54295
Transmitiendo fuerza :613800.4 a Linker{, pos=Point{x=0, y=11}, dir=N}
Friction:0.34999996 Speed:0.0 Pos:Point{x=0, y=10} Distance:0.0
Antes: 0.0
Después:               175.37154
Friction:0.34999996 Speed:0.0 Pos:Point{x=0, y=10} Distance:0.0
Antes: 0.0
Después:               175.37154
Friction:0.34999996 Speed:0.0 Pos:Point{x=0, y=10} Distance:0.0
Antes: 0.0
Después:               175.37154
Friction:0.34999996 Speed:0.0 Pos:Point{x=0, y=10} Distance:0.0
Antes: 0.0
Después:               175.37154
Friction:0.34999996 Speed:0.0 Pos:Point{x=0, y=10} Distance:0.0
Antes: 0.0
Después:               175.37154
Friction:0.34999996 Speed:0.0 Pos:Point{x=0, y=10} Distance:0.0
Antes: 0.0
Después:               175.37154
Transmitiendo fuerza :623700.44 a Linker{, pos=Point{x=0, y=11}, dir=N}
Friction:0.34999996 Speed:0.0 Pos:Point{x=0, y=10} Distance:0.0
Antes: 0.0
Después:               178.20012
Friction:0.34999996 Speed:0.0 Pos:Point{x=0, y=10} Distance:0.0
Antes: 0.0
Después:               178.20012
Friction:0.34999996 Speed:0.0 Pos:Point{x=0, y=10} Distance:0.0
Antes: 0.0
Después:               178.20012
Friction:0.34999996 Speed:0.0 Pos:Point{x=0, y=10} Distance:0.0
Antes: 0.0
Después:               178.20012
Friction:0.34999996 Speed:0.0 Pos:Point{x=0, y=10} Distance:0.0
Antes: 0.0
Después:               178.20012
Friction:0.34999996 Speed:0.0 Pos:Point{x=0, y=10} Distance:0.0
Antes: 0.0
Después:               178.20012
Transmitiendo fuerza :633600.44 a Linker{, pos=Point{x=0, y=11}, dir=N}
Friction:0.34999996 Speed:0.0 Pos:Point{x=0, y=10} Distance:0.0
Antes: 0.0
Después:               181.0287
Friction:0.34999996 Speed:0.0 Pos:Point{x=0, y=10} Distance:0.0
Antes: 0.0
Después:               181.0287
Friction:0.34999996 Speed:0.0 Pos:Point{x=0, y=10} Distance:0.0
Antes: 0.0
Después:               181.0287
Friction:0.34999996 Speed:0.0 Pos:Point{x=0, y=10} Distance:0.0
Antes: 0.0
Después:               181.0287
Friction:0.34999996 Speed:0.0 Pos:Point{x=0, y=10} Distance:0.0
Antes: 0.0
Después:               181.0287
Friction:0.34999996 Speed:0.0 Pos:Point{x=0, y=10} Distance:0.0
Antes: 0.0
Después:               181.0287
Transmitiendo fuerza :643500.5 a Linker{, pos=Point{x=0, y=11}, dir=N}
Friction:0.34999996 Speed:0.0 Pos:Point{x=0, y=10} Distance:0.0
Antes: 0.0
Después:               183.85728
Friction:0.34999996 Speed:0.0 Pos:Point{x=0, y=10} Distance:0.0
Antes: 0.0
Después:               183.85728
Friction:0.34999996 Speed:0.0 Pos:Point{x=0, y=10} Distance:0.0
Antes: 0.0
Después:               183.85728
Friction:0.34999996 Speed:0.0 Pos:Point{x=0, y=10} Distance:0.0
Antes: 0.0
Después:               183.85728
Friction:0.34999996 Speed:0.0 Pos:Point{x=0, y=10} Distance:0.0
Antes: 0.0
Después:               183.85728
Friction:0.34999996 Speed:0.0 Pos:Point{x=0, y=10} Distance:0.0
Antes: 0.0
Después:               183.85728
Transmitiendo fuerza :653400.56 a Linker{, pos=Point{x=0, y=11}, dir=N}
Friction:0.34999996 Speed:0.0 Pos:Point{x=0, y=10} Distance:0.0
Antes: 0.0
Después:               186.68588
Friction:0.34999996 Speed:0.0 Pos:Point{x=0, y=10} Distance:0.0
Antes: 0.0
Después:               186.68588
Friction:0.34999996 Speed:0.0 Pos:Point{x=0, y=10} Distance:0.0
Antes: 0.0
Después:               186.68588
Friction:0.34999996 Speed:0.0 Pos:Point{x=0, y=10} Distance:0.0
Antes: 0.0
Después:               186.68588
Friction:0.34999996 Speed:0.0 Pos:Point{x=0, y=10} Distance:0.0
Antes: 0.0
Después:               186.68588
Friction:0.34999996 Speed:0.0 Pos:Point{x=0, y=10} Distance:0.0
Antes: 0.0
Después:               186.68588
Transmitiendo fuerza :663300.6 a Linker{, pos=Point{x=0, y=11}, dir=N}
Friction:0.34999996 Speed:0.0 Pos:Point{x=0, y=10} Distance:0.0
Antes: 0.0
Después:               189.51447
Friction:0.34999996 Speed:0.0 Pos:Point{x=0, y=10} Distance:0.0
Antes: 0.0
Después:               189.51447
Friction:0.34999996 Speed:0.0 Pos:Point{x=0, y=10} Distance:0.0
Antes: 0.0
Después:               189.51447
Friction:0.34999996 Speed:0.0 Pos:Point{x=0, y=10} Distance:0.0
Antes: 0.0
Después:               189.51447
Friction:0.34999996 Speed:0.0 Pos:Point{x=0, y=10} Distance:0.0
Antes: 0.0
Después:               189.51447
Friction:0.34999996 Speed:0.0 Pos:Point{x=0, y=10} Distance:0.0
Antes: 0.0
Después:               189.51447
Transmitiendo fuerza :673200.7 a Linker{, pos=Point{x=0, y=11}, dir=N}
Friction:0.34999996 Speed:0.0 Pos:Point{x=0, y=10} Distance:0.0
Antes: 0.0
Después:               192.34305
Friction:0.34999996 Speed:0.0 Pos:Point{x=0, y=10} Distance:0.0
Antes: 0.0
Después:               192.34305
Friction:0.34999996 Speed:0.0 Pos:Point{x=0, y=10} Distance:0.0
Antes: 0.0
Después:               192.34305
Friction:0.34999996 Speed:0.0 Pos:Point{x=0, y=10} Distance:0.0
Antes: 0.0
Después:               192.34305
Friction:0.34999996 Speed:0.0 Pos:Point{x=0, y=10} Distance:0.0
Antes: 0.0
Después:               192.34305
Friction:0.34999996 Speed:0.0 Pos:Point{x=0, y=10} Distance:0.0
Antes: 0.0
Después:               192.34305
Transmitiendo fuerza :683100.7 a Linker{, pos=Point{x=0, y=11}, dir=N}
Friction:0.34999996 Speed:0.0 Pos:Point{x=0, y=10} Distance:0.0
Antes: 0.0
Después:               195.17163
Friction:0.34999996 Speed:0.0 Pos:Point{x=0, y=10} Distance:0.0
Antes: 0.0
Después:               195.17163
Friction:0.34999996 Speed:0.0 Pos:Point{x=0, y=10} Distance:0.0
Antes: 0.0
Después:               195.17163
Friction:0.34999996 Speed:0.0 Pos:Point{x=0, y=10} Distance:0.0
Antes: 0.0
Después:               195.17163
Friction:0.34999996 Speed:0.0 Pos:Point{x=0, y=10} Distance:0.0
Antes: 0.0
Después:               195.17163
Friction:0.34999996 Speed:0.0 Pos:Point{x=0, y=10} Distance:0.0
Antes: 0.0
Después:               195.17163
Transmitiendo fuerza :693000.75 a Linker{, pos=Point{x=0, y=11}, dir=N}
Friction:0.34999996 Speed:0.0 Pos:Point{x=0, y=10} Distance:0.0
Antes: 0.0
Después:               198.00021
Friction:0.34999996 Speed:0.0 Pos:Point{x=0, y=10} Distance:0.0
Antes: 0.0
Después:               198.00021
Friction:0.34999996 Speed:0.0 Pos:Point{x=0, y=10} Distance:0.0
Antes: 0.0
Después:               198.00021
Friction:0.34999996 Speed:0.0 Pos:Point{x=0, y=10} Distance:0.0
Antes: 0.0
Después:               198.00021
Friction:0.34999996 Speed:0.0 Pos:Point{x=0, y=10} Distance:0.0
Antes: 0.0
Después:               198.00021
Friction:0.34999996 Speed:0.0 Pos:Point{x=0, y=10} Distance:0.0
Antes: 0.0
Después:               198.00021
Transmitiendo fuerza :702900.8 a Linker{, pos=Point{x=0, y=11}, dir=N}
Friction:0.34999996 Speed:0.0 Pos:Point{x=0, y=10} Distance:0.0
Antes: 0.0
Después:               200.8288
Friction:0.34999996 Speed:0.0 Pos:Point{x=0, y=10} Distance:0.0
Antes: 0.0
Después:               200.8288
Friction:0.34999996 Speed:0.0 Pos:Point{x=0, y=10} Distance:0.0
Antes: 0.0
Después:               200.8288
Friction:0.34999996 Speed:0.0 Pos:Point{x=0, y=10} Distance:0.0
Antes: 0.0
Después:               200.8288
Friction:0.34999996 Speed:0.0 Pos:Point{x=0, y=10} Distance:0.0
Antes: 0.0
Después:               200.8288
Friction:0.34999996 Speed:0.0 Pos:Point{x=0, y=10} Distance:0.0
Antes: 0.0
Después:               200.8288
Transmitiendo fuerza :712800.8 a Linker{, pos=Point{x=0, y=11}, dir=N}
Friction:0.34999996 Speed:0.0 Pos:Point{x=0, y=10} Distance:0.0
Antes: 0.0
Después:               203.65738
Friction:0.34999996 Speed:0.0 Pos:Point{x=0, y=10} Distance:0.0
Antes: 0.0
Después:               203.65738
Friction:0.34999996 Speed:0.0 Pos:Point{x=0, y=10} Distance:0.0
Antes: 0.0
Después:               203.65738
Friction:0.34999996 Speed:0.0 Pos:Point{x=0, y=10} Distance:0.0
Antes: 0.0
Después:               203.65738
Friction:0.34999996 Speed:0.0 Pos:Point{x=0, y=10} Distance:0.0
Antes: 0.0
Después:               203.65738
Friction:0.34999996 Speed:0.0 Pos:Point{x=0, y=10} Distance:0.0
Antes: 0.0
Después:               203.65738
Transmitiendo fuerza :722700.9 a Linker{, pos=Point{x=0, y=11}, dir=N}
Friction:0.34999996 Speed:0.0 Pos:Point{x=0, y=10} Distance:0.0
Antes: 0.0
Después:               206.48596
Friction:0.34999996 Speed:0.0 Pos:Point{x=0, y=10} Distance:0.0
Antes: 0.0
Después:               206.48596
Friction:0.34999996 Speed:0.0 Pos:Point{x=0, y=10} Distance:0.0
Antes: 0.0
Después:               206.48596
Friction:0.34999996 Speed:0.0 Pos:Point{x=0, y=10} Distance:0.0
Antes: 0.0
Después:               206.48596
Friction:0.34999996 Speed:0.0 Pos:Point{x=0, y=10} Distance:0.0
Antes: 0.0
Después:               206.48596
Friction:0.34999996 Speed:0.0 Pos:Point{x=0, y=10} Distance:0.0
Antes: 0.0
Después:               206.48596
Transmitiendo fuerza :732600.94 a Linker{, pos=Point{x=0, y=11}, dir=N}
Friction:0.34999996 Speed:0.0 Pos:Point{x=0, y=10} Distance:0.0
Antes: 0.0
Después:               209.31456
Friction:0.34999996 Speed:0.0 Pos:Point{x=0, y=10} Distance:0.0
Antes: 0.0
Después:               209.31456
Friction:0.34999996 Speed:0.0 Pos:Point{x=0, y=10} Distance:0.0
Antes: 0.0
Después:               209.31456
Friction:0.34999996 Speed:0.0 Pos:Point{x=0, y=10} Distance:0.0
Antes: 0.0
Después:               209.31456
Friction:0.34999996 Speed:0.0 Pos:Point{x=0, y=10} Distance:0.0
Antes: 0.0
Después:               209.31456
Friction:0.34999996 Speed:0.0 Pos:Point{x=0, y=10} Distance:0.0
Antes: 0.0
Después:               209.31456
Transmitiendo fuerza :742501.0 a Linker{, pos=Point{x=0, y=11}, dir=N}
Friction:0.34999996 Speed:0.0 Pos:Point{x=0, y=10} Distance:0.0
Antes: 0.0
Después:               212.14314
Friction:0.34999996 Speed:0.0 Pos:Point{x=0, y=10} Distance:0.0
Antes: 0.0
Después:               212.14314
Friction:0.34999996 Speed:0.0 Pos:Point{x=0, y=10} Distance:0.0
Antes: 0.0
Después:               212.14314
Friction:0.34999996 Speed:0.0 Pos:Point{x=0, y=10} Distance:0.0
Antes: 0.0
Después:               212.14314
Friction:0.34999996 Speed:0.0 Pos:Point{x=0, y=10} Distance:0.0
Antes: 0.0
Después:               212.14314
Friction:0.34999996 Speed:0.0 Pos:Point{x=0, y=10} Distance:0.0
Antes: 0.0
Después:               212.14314
Transmitiendo fuerza :752401.06 a Linker{, pos=Point{x=0, y=11}, dir=N}
Friction:0.34999996 Speed:0.0 Pos:Point{x=0, y=10} Distance:0.0
Antes: 0.0
Después:               214.97173
Friction:0.34999996 Speed:0.0 Pos:Point{x=0, y=10} Distance:0.0
Antes: 0.0
Después:               214.97173
Friction:0.34999996 Speed:0.0 Pos:Point{x=0, y=10} Distance:0.0
Antes: 0.0
Después:               214.97173
Friction:0.34999996 Speed:0.0 Pos:Point{x=0, y=10} Distance:0.0
Antes: 0.0
Después:               214.97173
Friction:0.34999996 Speed:0.0 Pos:Point{x=0, y=10} Distance:0.0
Antes: 0.0
Después:               214.97173
Friction:0.34999996 Speed:0.0 Pos:Point{x=0, y=10} Distance:0.0
Antes: 0.0
Después:               214.97173
Transmitiendo fuerza :762301.06 a Linker{, pos=Point{x=0, y=11}, dir=N}
Friction:0.34999996 Speed:0.0 Pos:Point{x=0, y=10} Distance:0.0
Antes: 0.0
Después:               217.80031
Friction:0.34999996 Speed:0.0 Pos:Point{x=0, y=10} Distance:0.0
Antes: 0.0
Después:               217.80031
Friction:0.34999996 Speed:0.0 Pos:Point{x=0, y=10} Distance:0.0
Antes: 0.0
Después:               217.80031
Friction:0.34999996 Speed:0.0 Pos:Point{x=0, y=10} Distance:0.0
Antes: 0.0
Después:               217.80031
Friction:0.34999996 Speed:0.0 Pos:Point{x=0, y=10} Distance:0.0
Antes: 0.0
Después:               217.80031
Friction:0.34999996 Speed:0.0 Pos:Point{x=0, y=10} Distance:0.0
Antes: 0.0
Después:               217.80031
Transmitiendo fuerza :772201.1 a Linker{, pos=Point{x=0, y=11}, dir=N}
Friction:0.34999996 Speed:0.0 Pos:Point{x=0, y=10} Distance:0.0
Antes: 0.0
Después:               220.62889
Friction:0.34999996 Speed:0.0 Pos:Point{x=0, y=10} Distance:0.0
Antes: 0.0
Después:               220.62889
Friction:0.34999996 Speed:0.0 Pos:Point{x=0, y=10} Distance:0.0
Antes: 0.0
Después:               220.62889
Friction:0.34999996 Speed:0.0 Pos:Point{x=0, y=10} Distance:0.0
Antes: 0.0
Después:               220.62889
Friction:0.34999996 Speed:0.0 Pos:Point{x=0, y=10} Distance:0.0
Antes: 0.0
Después:               220.62889
Friction:0.34999996 Speed:0.0 Pos:Point{x=0, y=10} Distance:0.0
Antes: 0.0
Después:               220.62889
Transmitiendo fuerza :782101.2 a Linker{, pos=Point{x=0, y=11}, dir=N}
Friction:0.34999996 Speed:0.0 Pos:Point{x=0, y=10} Distance:0.0
Antes: 0.0
Después:               223.45749
Friction:0.34999996 Speed:0.0 Pos:Point{x=0, y=10} Distance:0.0
Antes: 0.0
Después:               223.45749
Friction:0.34999996 Speed:0.0 Pos:Point{x=0, y=10} Distance:0.0
Antes: 0.0
Después:               223.45749
Friction:0.34999996 Speed:0.0 Pos:Point{x=0, y=10} Distance:0.0
Antes: 0.0
Después:               223.45749
Friction:0.34999996 Speed:0.0 Pos:Point{x=0, y=10} Distance:0.0
Antes: 0.0
Después:               223.45749
Friction:0.34999996 Speed:0.0 Pos:Point{x=0, y=10} Distance:0.0
Antes: 0.0
Después:               223.45749
Transmitiendo fuerza :792001.25 a Linker{, pos=Point{x=0, y=11}, dir=N}
Friction:0.34999996 Speed:0.0 Pos:Point{x=0, y=10} Distance:0.0
Antes: 0.0
Después:               226.28607
Friction:0.34999996 Speed:0.0 Pos:Point{x=0, y=10} Distance:0.0
Antes: 0.0
Después:               226.28607
Friction:0.34999996 Speed:0.0 Pos:Point{x=0, y=10} Distance:0.0
Antes: 0.0
Después:               226.28607
Friction:0.34999996 Speed:0.0 Pos:Point{x=0, y=10} Distance:0.0
Antes: 0.0
Después:               226.28607
Friction:0.34999996 Speed:0.0 Pos:Point{x=0, y=10} Distance:0.0
Antes: 0.0
Después:               226.28607
Friction:0.34999996 Speed:0.0 Pos:Point{x=0, y=10} Distance:0.0
Antes: 0.0
Después:               226.28607
Transmitiendo fuerza :801901.3 a Linker{, pos=Point{x=0, y=11}, dir=N}
Friction:0.34999996 Speed:0.0 Pos:Point{x=0, y=10} Distance:0.0
Antes: 0.0
Después:               229.11465
Friction:0.34999996 Speed:0.0 Pos:Point{x=0, y=10} Distance:0.0
Antes: 0.0
Después:               229.11465
Friction:0.34999996 Speed:0.0 Pos:Point{x=0, y=10} Distance:0.0
Antes: 0.0
Después:               229.11465
Friction:0.34999996 Speed:0.0 Pos:Point{x=0, y=10} Distance:0.0
Antes: 0.0
Después:               229.11465
Friction:0.34999996 Speed:0.0 Pos:Point{x=0, y=10} Distance:0.0
Antes: 0.0
Después:               229.11465
Friction:0.34999996 Speed:0.0 Pos:Point{x=0, y=10} Distance:0.0
Antes: 0.0
Después:               229.11465
Transmitiendo fuerza :811801.3 a Linker{, pos=Point{x=0, y=11}, dir=N}
Friction:0.34999996 Speed:0.0 Pos:Point{x=0, y=10} Distance:0.0
Antes: 0.0
Después:               231.94324
Friction:0.34999996 Speed:0.0 Pos:Point{x=0, y=10} Distance:0.0
Antes: 0.0
Después:               231.94324
Friction:0.34999996 Speed:0.0 Pos:Point{x=0, y=10} Distance:0.0
Antes: 0.0
Después:               231.94324
Friction:0.34999996 Speed:0.0 Pos:Point{x=0, y=10} Distance:0.0
Antes: 0.0
Después:               231.94324
Friction:0.34999996 Speed:0.0 Pos:Point{x=0, y=10} Distance:0.0
Antes: 0.0
Después:               231.94324
Friction:0.34999996 Speed:0.0 Pos:Point{x=0, y=10} Distance:0.0
Antes: 0.0
Después:               231.94324
Transmitiendo fuerza :821701.4 a Linker{, pos=Point{x=0, y=11}, dir=N}
Friction:0.34999996 Speed:0.0 Pos:Point{x=0, y=10} Distance:0.0
Antes: 0.0
Después:               234.77182
Friction:0.34999996 Speed:0.0 Pos:Point{x=0, y=10} Distance:0.0
Antes: 0.0
Después:               234.77182
Friction:0.34999996 Speed:0.0 Pos:Point{x=0, y=10} Distance:0.0
Antes: 0.0
Después:               234.77182
Friction:0.34999996 Speed:0.0 Pos:Point{x=0, y=10} Distance:0.0
Antes: 0.0
Después:               234.77182
Friction:0.34999996 Speed:0.0 Pos:Point{x=0, y=10} Distance:0.0
Antes: 0.0
Después:               234.77182
Friction:0.34999996 Speed:0.0 Pos:Point{x=0, y=10} Distance:0.0
Antes: 0.0
Después:               234.77182
Transmitiendo fuerza :831601.44 a Linker{, pos=Point{x=0, y=11}, dir=N}
Friction:0.34999996 Speed:0.0 Pos:Point{x=0, y=10} Distance:0.0
Antes: 0.0
Después:               237.60042
Friction:0.34999996 Speed:0.0 Pos:Point{x=0, y=10} Distance:0.0
Antes: 0.0
Después:               237.60042
Friction:0.34999996 Speed:0.0 Pos:Point{x=0, y=10} Distance:0.0
Antes: 0.0
Después:               237.60042
Friction:0.34999996 Speed:0.0 Pos:Point{x=0, y=10} Distance:0.0
Antes: 0.0
Después:               237.60042
Friction:0.34999996 Speed:0.0 Pos:Point{x=0, y=10} Distance:0.0
Antes: 0.0
Después:               237.60042
Friction:0.34999996 Speed:0.0 Pos:Point{x=0, y=10} Distance:0.0
Antes: 0.0
Después:               237.60042
Transmitiendo fuerza :841501.5 a Linker{, pos=Point{x=0, y=11}, dir=N}
Friction:0.34999996 Speed:0.0 Pos:Point{x=0, y=10} Distance:0.0
Antes: 0.0
Después:               240.429
Friction:0.34999996 Speed:0.0 Pos:Point{x=0, y=10} Distance:0.0
Antes: 0.0
Después:               240.429
Friction:0.34999996 Speed:0.0 Pos:Point{x=0, y=10} Distance:0.0
Antes: 0.0
Después:               240.429
Friction:0.34999996 Speed:0.0 Pos:Point{x=0, y=10} Distance:0.0
Antes: 0.0
Después:               240.429
Friction:0.34999996 Speed:0.0 Pos:Point{x=0, y=10} Distance:0.0
Antes: 0.0
Después:               240.429
Friction:0.34999996 Speed:0.0 Pos:Point{x=0, y=10} Distance:0.0
Antes: 0.0
Después:               240.429
Transmitiendo fuerza :851401.56 a Linker{, pos=Point{x=0, y=11}, dir=N}
Friction:0.34999996 Speed:0.0 Pos:Point{x=0, y=10} Distance:0.0
Antes: 0.0
Después:               243.25758
Friction:0.34999996 Speed:0.0 Pos:Point{x=0, y=10} Distance:0.0
Antes: 0.0
Después:               243.25758
Friction:0.34999996 Speed:0.0 Pos:Point{x=0, y=10} Distance:0.0
Antes: 0.0
Después:               243.25758
Friction:0.34999996 Speed:0.0 Pos:Point{x=0, y=10} Distance:0.0
Antes: 0.0
Después:               243.25758
Friction:0.34999996 Speed:0.0 Pos:Point{x=0, y=10} Distance:0.0
Antes: 0.0
Después:               243.25758
Friction:0.34999996 Speed:0.0 Pos:Point{x=0, y=10} Distance:0.0
Antes: 0.0
Después:               243.25758
Transmitiendo fuerza :861301.56 a Linker{, pos=Point{x=0, y=11}, dir=N}
Friction:0.34999996 Speed:0.0 Pos:Point{x=0, y=10} Distance:0.0
Antes: 0.0
Después:               246.08617
Friction:0.34999996 Speed:0.0 Pos:Point{x=0, y=10} Distance:0.0
Antes: 0.0
Después:               246.08617
Friction:0.34999996 Speed:0.0 Pos:Point{x=0, y=10} Distance:0.0
Antes: 0.0
Después:               246.08617
Friction:0.34999996 Speed:0.0 Pos:Point{x=0, y=10} Distance:0.0
Antes: 0.0
Después:               246.08617
Friction:0.34999996 Speed:0.0 Pos:Point{x=0, y=10} Distance:0.0
Antes: 0.0
Después:               246.08617
Friction:0.34999996 Speed:0.0 Pos:Point{x=0, y=10} Distance:0.0
Antes: 0.0
Después:               246.08617
Transmitiendo fuerza :871201.6 a Linker{, pos=Point{x=0, y=11}, dir=N}
Friction:0.34999996 Speed:0.0 Pos:Point{x=0, y=10} Distance:0.0
Antes: 0.0
Después:               248.91475
Friction:0.34999996 Speed:0.0 Pos:Point{x=0, y=10} Distance:0.0
Antes: 0.0
Después:               248.91475
Friction:0.34999996 Speed:0.0 Pos:Point{x=0, y=10} Distance:0.0
Antes: 0.0
Después:               248.91475
Friction:0.34999996 Speed:0.0 Pos:Point{x=0, y=10} Distance:0.0
Antes: 0.0
Después:               248.91475
Friction:0.34999996 Speed:0.0 Pos:Point{x=0, y=10} Distance:0.0
Antes: 0.0
Después:               248.91475
Friction:0.34999996 Speed:0.0 Pos:Point{x=0, y=10} Distance:0.0
Antes: 0.0
Después:               248.91475
Transmitiendo fuerza :881101.7 a Linker{, pos=Point{x=0, y=11}, dir=N}
Friction:0.34999996 Speed:0.0 Pos:Point{x=0, y=10} Distance:0.0
Antes: 0.0
Después:               251.74333
Friction:0.34999996 Speed:0.0 Pos:Point{x=0, y=10} Distance:0.0
Antes: 0.0
Después:               251.74333
Friction:0.34999996 Speed:0.0 Pos:Point{x=0, y=10} Distance:0.0
Antes: 0.0
Después:               251.74333
Friction:0.34999996 Speed:0.0 Pos:Point{x=0, y=10} Distance:0.0
Antes: 0.0
Después:               251.74333
Friction:0.34999996 Speed:0.0 Pos:Point{x=0, y=10} Distance:0.0
Antes: 0.0
Después:               251.74333
Friction:0.34999996 Speed:0.0 Pos:Point{x=0, y=10} Distance:0.0
Antes: 0.0
Después:               251.74333
Transmitiendo fuerza :891001.7 a Linker{, pos=Point{x=0, y=11}, dir=N}
Friction:0.34999996 Speed:0.0 Pos:Point{x=0, y=10} Distance:0.0
Antes: 0.0
Después:               254.57191
Friction:0.34999996 Speed:0.0 Pos:Point{x=0, y=10} Distance:0.0
Antes: 0.0
Después:               254.57191
Friction:0.34999996 Speed:0.0 Pos:Point{x=0, y=10} Distance:0.0
Antes: 0.0
Después:               254.57191
Friction:0.34999996 Speed:0.0 Pos:Point{x=0, y=10} Distance:0.0
Antes: 0.0
Después:               254.57191
Friction:0.34999996 Speed:0.0 Pos:Point{x=0, y=10} Distance:0.0
Antes: 0.0
Después:               254.57191
Friction:0.34999996 Speed:0.0 Pos:Point{x=0, y=10} Distance:0.0
Antes: 0.0
Después:               254.57191
Transmitiendo fuerza :900901.7 a Linker{, pos=Point{x=0, y=11}, dir=N}
Friction:0.34999996 Speed:0.0 Pos:Point{x=0, y=10} Distance:0.0
Antes: 0.0
Después:               257.40048
Friction:0.34999996 Speed:0.0 Pos:Point{x=0, y=10} Distance:0.0
Antes: 0.0
Después:               257.40048
Friction:0.34999996 Speed:0.0 Pos:Point{x=0, y=10} Distance:0.0
Antes: 0.0
Después:               257.40048
Friction:0.34999996 Speed:0.0 Pos:Point{x=0, y=10} Distance:0.0
Antes: 0.0
Después:               257.40048
Friction:0.34999996 Speed:0.0 Pos:Point{x=0, y=10} Distance:0.0
Antes: 0.0
Después:               257.40048
Friction:0.34999996 Speed:0.0 Pos:Point{x=0, y=10} Distance:0.0
Antes: 0.0
Después:               257.40048
Transmitiendo fuerza :910801.75 a Linker{, pos=Point{x=0, y=11}, dir=N}
Friction:0.34999996 Speed:0.0 Pos:Point{x=0, y=10} Distance:0.0
Antes: 0.0
Después:               260.22906
Friction:0.34999996 Speed:0.0 Pos:Point{x=0, y=10} Distance:0.0
Antes: 0.0
Después:               260.22906
Friction:0.34999996 Speed:0.0 Pos:Point{x=0, y=10} Distance:0.0
Antes: 0.0
Después:               260.22906
Friction:0.34999996 Speed:0.0 Pos:Point{x=0, y=10} Distance:0.0
Antes: 0.0
Después:               260.22906
Friction:0.34999996 Speed:0.0 Pos:Point{x=0, y=10} Distance:0.0
Antes: 0.0
Después:               260.22906
Friction:0.34999996 Speed:0.0 Pos:Point{x=0, y=10} Distance:0.0
Antes: 0.0
Después:               260.22906
Transmitiendo fuerza :920701.75 a Linker{, pos=Point{x=0, y=11}, dir=N}
Friction:0.34999996 Speed:0.0 Pos:Point{x=0, y=10} Distance:0.0
Antes: 0.0
Después:               263.05765
Friction:0.34999996 Speed:0.0 Pos:Point{x=0, y=10} Distance:0.0
Antes: 0.0
Después:               263.05765
Friction:0.34999996 Speed:0.0 Pos:Point{x=0, y=10} Distance:0.0
Antes: 0.0
Después:               263.05765
Friction:0.34999996 Speed:0.0 Pos:Point{x=0, y=10} Distance:0.0
Antes: 0.0
Después:               263.05765
Friction:0.34999996 Speed:0.0 Pos:Point{x=0, y=10} Distance:0.0
Antes: 0.0
Después:               263.05765
Friction:0.34999996 Speed:0.0 Pos:Point{x=0, y=10} Distance:0.0
Antes: 0.0
Después:               263.05765
Transmitiendo fuerza :930601.8 a Linker{, pos=Point{x=0, y=11}, dir=N}
Friction:0.34999996 Speed:0.0 Pos:Point{x=0, y=10} Distance:0.0
Antes: 0.0
Después:               265.88623
Friction:0.34999996 Speed:0.0 Pos:Point{x=0, y=10} Distance:0.0
Antes: 0.0
Después:               265.88623
Friction:0.34999996 Speed:0.0 Pos:Point{x=0, y=10} Distance:0.0
Antes: 0.0
Después:               265.88623
Friction:0.34999996 Speed:0.0 Pos:Point{x=0, y=10} Distance:0.0
Antes: 0.0
Después:               265.88623
Friction:0.34999996 Speed:0.0 Pos:Point{x=0, y=10} Distance:0.0
Antes: 0.0
Después:               265.88623
Friction:0.34999996 Speed:0.0 Pos:Point{x=0, y=10} Distance:0.0
Antes: 0.0
Después:               265.88623
Transmitiendo fuerza :940501.9 a Linker{, pos=Point{x=0, y=11}, dir=N}
Friction:0.34999996 Speed:0.0 Pos:Point{x=0, y=10} Distance:0.0
Antes: 0.0
Después:               268.7148
Friction:0.34999996 Speed:0.0 Pos:Point{x=0, y=10} Distance:0.0
Antes: 0.0
Después:               268.7148
Friction:0.34999996 Speed:0.0 Pos:Point{x=0, y=10} Distance:0.0
Antes: 0.0
Después:               268.7148
Friction:0.34999996 Speed:0.0 Pos:Point{x=0, y=10} Distance:0.0
Antes: 0.0
Después:               268.7148
Friction:0.34999996 Speed:0.0 Pos:Point{x=0, y=10} Distance:0.0
Antes: 0.0
Después:               268.7148
Friction:0.34999996 Speed:0.0 Pos:Point{x=0, y=10} Distance:0.0
Antes: 0.0
Después:               268.7148
Transmitiendo fuerza :950401.9 a Linker{, pos=Point{x=0, y=11}, dir=N}
Friction:0.34999996 Speed:0.0 Pos:Point{x=0, y=10} Distance:0.0
Antes: 0.0
Después:               271.5434
Friction:0.34999996 Speed:0.0 Pos:Point{x=0, y=10} Distance:0.0
Antes: 0.0
Después:               271.5434
Friction:0.34999996 Speed:0.0 Pos:Point{x=0, y=10} Distance:0.0
Antes: 0.0
Después:               271.5434
Friction:0.34999996 Speed:0.0 Pos:Point{x=0, y=10} Distance:0.0
Antes: 0.0
Después:               271.5434
Friction:0.34999996 Speed:0.0 Pos:Point{x=0, y=10} Distance:0.0
Antes: 0.0
Después:               271.5434
Friction:0.34999996 Speed:0.0 Pos:Point{x=0, y=10} Distance:0.0
Antes: 0.0
Después:               271.5434
Transmitiendo fuerza :960301.94 a Linker{, pos=Point{x=0, y=11}, dir=N}
Friction:0.34999996 Speed:0.0 Pos:Point{x=0, y=10} Distance:0.0
Antes: 0.0
Después:               274.37198
Friction:0.34999996 Speed:0.0 Pos:Point{x=0, y=10} Distance:0.0
Antes: 0.0
Después:               274.37198
Friction:0.34999996 Speed:0.0 Pos:Point{x=0, y=10} Distance:0.0
Antes: 0.0
Después:               274.37198
Friction:0.34999996 Speed:0.0 Pos:Point{x=0, y=10} Distance:0.0
Antes: 0.0
Después:               274.37198
Friction:0.34999996 Speed:0.0 Pos:Point{x=0, y=10} Distance:0.0
Antes: 0.0
Después:               274.37198
Friction:0.34999996 Speed:0.0 Pos:Point{x=0, y=10} Distance:0.0
Antes: 0.0
Después:               274.37198
Transmitiendo fuerza :970201.94 a Linker{, pos=Point{x=0, y=11}, dir=N}
Friction:0.34999996 Speed:0.0 Pos:Point{x=0, y=10} Distance:0.0
Antes: 0.0
Después:               277.20056
Friction:0.34999996 Speed:0.0 Pos:Point{x=0, y=10} Distance:0.0
Antes: 0.0
Después:               277.20056
Friction:0.34999996 Speed:0.0 Pos:Point{x=0, y=10} Distance:0.0
Antes: 0.0
Después:               277.20056
Friction:0.34999996 Speed:0.0 Pos:Point{x=0, y=10} Distance:0.0
Antes: 0.0
Después:               277.20056
Friction:0.34999996 Speed:0.0 Pos:Point{x=0, y=10} Distance:0.0
Antes: 0.0
Después:               277.20056
Friction:0.34999996 Speed:0.0 Pos:Point{x=0, y=10} Distance:0.0
Antes: 0.0
Después:               277.20056
Transmitiendo fuerza :980102.0 a Linker{, pos=Point{x=0, y=11}, dir=N}
Friction:0.34999996 Speed:0.0 Pos:Point{x=0, y=10} Distance:0.0
Antes: 0.0
Después:               280.02914
Friction:0.34999996 Speed:0.0 Pos:Point{x=0, y=10} Distance:0.0
Antes: 0.0
Después:               280.02914
Friction:0.34999996 Speed:0.0 Pos:Point{x=0, y=10} Distance:0.0
Antes: 0.0
Después:               280.02914
Friction:0.34999996 Speed:0.0 Pos:Point{x=0, y=10} Distance:0.0
Antes: 0.0
Después:               280.02914
Friction:0.34999996 Speed:0.0 Pos:Point{x=0, y=10} Distance:0.0
Antes: 0.0
Después:               280.02914
Friction:0.34999996 Speed:0.0 Pos:Point{x=0, y=10} Distance:0.0
Antes: 0.0
Después:               280.02914
Transmitiendo fuerza :990002.06 a Linker{, pos=Point{x=0, y=11}, dir=N}
Friction:0.34999996 Speed:0.0 Pos:Point{x=0, y=10} Distance:0.0
Antes: 0.0
Después:               282.85773
Friction:0.34999996 Speed:0.0 Pos:Point{x=0, y=10} Distance:0.0
Antes: 0.0
Después:               282.85773
Friction:0.34999996 Speed:0.0 Pos:Point{x=0, y=10} Distance:0.0
Antes: 0.0
Después:               282.85773
Friction:0.34999996 Speed:0.0 Pos:Point{x=0, y=10} Distance:0.0
Antes: 0.0
Después:               282.85773
Friction:0.34999996 Speed:0.0 Pos:Point{x=0, y=10} Distance:0.0
Antes: 0.0
Después:               282.85773
Friction:0.34999996 Speed:0.0 Pos:Point{x=0, y=10} Distance:0.0
Antes: 0.0
Después:               282.85773
Transmitiendo fuerza :999902.06 a Linker{, pos=Point{x=0, y=11}, dir=N}
Friction:0.34999996 Speed:0.0 Pos:Point{x=0, y=10} Distance:0.0
Antes: 0.0
Después:               285.6863
Friction:0.34999996 Speed:0.0 Pos:Point{x=0, y=10} Distance:0.0
Antes: 0.0
Después:               285.6863
Friction:0.34999996 Speed:0.0 Pos:Point{x=0, y=10} Distance:0.0
Antes: 0.0
Después:               285.6863
Friction:0.34999996 Speed:0.0 Pos:Point{x=0, y=10} Distance:0.0
Antes: 0.0
Después:               285.6863
Friction:0.34999996 Speed:0.0 Pos:Point{x=0, y=10} Distance:0.0
Antes: 0.0
Después:               285.6863
Friction:0.34999996 Speed:0.0 Pos:Point{x=0, y=10} Distance:0.0
Antes: 0.0
Después:               285.6863
Transmitiendo fuerza :1009802.1 a Linker{, pos=Point{x=0, y=11}, dir=N}
Friction:0.34999996 Speed:0.0 Pos:Point{x=0, y=10} Distance:0.0
Antes: 0.0
Después:               288.5149
Friction:0.34999996 Speed:0.0 Pos:Point{x=0, y=10} Distance:0.0
Antes: 0.0
Después:               288.5149
Friction:0.34999996 Speed:0.0 Pos:Point{x=0, y=10} Distance:0.0
Antes: 0.0
Después:               288.5149
Friction:0.34999996 Speed:0.0 Pos:Point{x=0, y=10} Distance:0.0
Antes: 0.0
Después:               288.5149
Friction:0.34999996 Speed:0.0 Pos:Point{x=0, y=10} Distance:0.0
Antes: 0.0
Después:               288.5149
Friction:0.34999996 Speed:0.0 Pos:Point{x=0, y=10} Distance:0.0
Antes: 0.0
Después:               288.5149
Transmitiendo fuerza :1019702.2 a Linker{, pos=Point{x=0, y=11}, dir=N}
Friction:0.34999996 Speed:0.0 Pos:Point{x=0, y=10} Distance:0.0
Antes: 0.0
Después:               291.34348
Friction:0.34999996 Speed:0.0 Pos:Point{x=0, y=10} Distance:0.0
Antes: 0.0
Después:               291.34348
Friction:0.34999996 Speed:0.0 Pos:Point{x=0, y=10} Distance:0.0
Antes: 0.0
Después:               291.34348
Friction:0.34999996 Speed:0.0 Pos:Point{x=0, y=10} Distance:0.0
Antes: 0.0
Después:               291.34348
Friction:0.34999996 Speed:0.0 Pos:Point{x=0, y=10} Distance:0.0
Antes: 0.0
Después:               291.34348
Friction:0.34999996 Speed:0.0 Pos:Point{x=0, y=10} Distance:0.0
Antes: 0.0
Después:               291.34348
Transmitiendo fuerza :1029602.2 a Linker{, pos=Point{x=0, y=11}, dir=N}
Friction:0.34999996 Speed:0.0 Pos:Point{x=0, y=10} Distance:0.0
Antes: 0.0
Después:               294.17206
Friction:0.34999996 Speed:0.0 Pos:Point{x=0, y=10} Distance:0.0
Antes: 0.0
Después:               294.17206
Friction:0.34999996 Speed:0.0 Pos:Point{x=0, y=10} Distance:0.0
Antes: 0.0
Después:               294.17206
Friction:0.34999996 Speed:0.0 Pos:Point{x=0, y=10} Distance:0.0
Antes: 0.0
Después:               294.17206
Friction:0.34999996 Speed:0.0 Pos:Point{x=0, y=10} Distance:0.0
Antes: 0.0
Después:               294.17206
Friction:0.34999996 Speed:0.0 Pos:Point{x=0, y=10} Distance:0.0
Antes: 0.0
Después:               294.17206
Transmitiendo fuerza :1039502.25 a Linker{, pos=Point{x=0, y=11}, dir=N}
Friction:0.34999996 Speed:0.0 Pos:Point{x=0, y=10} Distance:0.0
Antes: 0.0
Después:               297.00064
Friction:0.34999996 Speed:0.0 Pos:Point{x=0, y=10} Distance:0.0
Antes: 0.0
Después:               297.00064
Friction:0.34999996 Speed:0.0 Pos:Point{x=0, y=10} Distance:0.0
Antes: 0.0
Después:               297.00064
Friction:0.34999996 Speed:0.0 Pos:Point{x=0, y=10} Distance:0.0
Antes: 0.0
Después:               297.00064
Friction:0.34999996 Speed:0.0 Pos:Point{x=0, y=10} Distance:0.0
Antes: 0.0
Después:               297.00064
Friction:0.34999996 Speed:0.0 Pos:Point{x=0, y=10} Distance:0.0
Antes: 0.0
Después:               297.00064
Transmitiendo fuerza :1049402.2 a Linker{, pos=Point{x=0, y=11}, dir=N}
Friction:0.34999996 Speed:0.0 Pos:Point{x=0, y=10} Distance:0.0
Antes: 0.0
Después:               299.82922
Friction:0.34999996 Speed:0.0 Pos:Point{x=0, y=10} Distance:0.0
Antes: 0.0
Después:               299.82922
Friction:0.34999996 Speed:0.0 Pos:Point{x=0, y=10} Distance:0.0
Antes: 0.0
Después:               299.82922
Friction:0.34999996 Speed:0.0 Pos:Point{x=0, y=10} Distance:0.0
Antes: 0.0
Después:               299.82922
Friction:0.34999996 Speed:0.0 Pos:Point{x=0, y=10} Distance:0.0
Antes: 0.0
Después:               299.82922
Friction:0.34999996 Speed:0.0 Pos:Point{x=0, y=10} Distance:0.0
Antes: 0.0
Después:               299.82922
Transmitiendo fuerza :1059302.4 a Linker{, pos=Point{x=0, y=11}, dir=N}
Friction:0.34999996 Speed:0.0 Pos:Point{x=0, y=10} Distance:0.0
Antes: 0.0
Después:               302.6578
Friction:0.34999996 Speed:0.0 Pos:Point{x=0, y=10} Distance:0.0
Antes: 0.0
Después:               302.6578
Friction:0.34999996 Speed:0.0 Pos:Point{x=0, y=10} Distance:0.0
Antes: 0.0
Después:               302.6578
Friction:0.34999996 Speed:0.0 Pos:Point{x=0, y=10} Distance:0.0
Antes: 0.0
Después:               302.6578
Friction:0.34999996 Speed:0.0 Pos:Point{x=0, y=10} Distance:0.0
Antes: 0.0
Después:               302.6578
Friction:0.34999996 Speed:0.0 Pos:Point{x=0, y=10} Distance:0.0
Antes: 0.0
Después:               302.6578
Transmitiendo fuerza :1069202.4 a Linker{, pos=Point{x=0, y=11}, dir=N}
Friction:0.34999996 Speed:0.0 Pos:Point{x=0, y=10} Distance:0.0
Antes: 0.0
Después:               305.4864
Friction:0.34999996 Speed:0.0 Pos:Point{x=0, y=10} Distance:0.0
Antes: 0.0
Después:               305.4864
Friction:0.34999996 Speed:0.0 Pos:Point{x=0, y=10} Distance:0.0
Antes: 0.0
Después:               305.4864
Friction:0.34999996 Speed:0.0 Pos:Point{x=0, y=10} Distance:0.0
Antes: 0.0
Después:               305.4864
Friction:0.34999996 Speed:0.0 Pos:Point{x=0, y=10} Distance:0.0
Antes: 0.0
Después:               305.4864
Friction:0.34999996 Speed:0.0 Pos:Point{x=0, y=10} Distance:0.0
Antes: 0.0
Después:               305.4864
Transmitiendo fuerza :1079102.4 a Linker{, pos=Point{x=0, y=11}, dir=N}
Friction:0.34999996 Speed:0.0 Pos:Point{x=0, y=10} Distance:0.0
Antes: 0.0
Después:               308.31497
Friction:0.34999996 Speed:0.0 Pos:Point{x=0, y=10} Distance:0.0
Antes: 0.0
Después:               308.31497
Friction:0.34999996 Speed:0.0 Pos:Point{x=0, y=10} Distance:0.0
Antes: 0.0
Después:               308.31497
Friction:0.34999996 Speed:0.0 Pos:Point{x=0, y=10} Distance:0.0
Antes: 0.0
Después:               308.31497
Friction:0.34999996 Speed:0.0 Pos:Point{x=0, y=10} Distance:0.0
Antes: 0.0
[...]
Friction:0.34999996 Speed:0.0 Pos:Point{x=0, y=10} Distance:0.0
Antes: 0.0
Después:               396.00113
Friction:0.34999996 Speed:0.0 Pos:Point{x=0, y=10} Distance:0.0
Antes: 0.0
Después:               396.00113
Friction:0.34999996 Speed:0.0 Pos:Point{x=0, y=10} Distance:0.0
Antes: 0.0
Después:               396.00113
Friction:0.34999996 Speed:0.0 Pos:Point{x=0, y=10} Distance:0.0
Antes: 0.0
Después:               396.00113
Transmitiendo fuerza :1395904.0 a Linker{, pos=Point{x=0, y=11}, dir=N}
Friction:0.34999996 Speed:0.0 Pos:Point{x=0, y=10} Distance:0.0
Antes: 0.0
Después:               398.8297
Friction:0.34999996 Speed:0.0 Pos:Point{x=0, y=10} Distance:0.0
Antes: 0.0
Después:               398.8297
Friction:0.34999996 Speed:0.0 Pos:Point{x=0, y=10} Distance:0.0
Antes: 0.0
Después:               398.8297
Friction:0.34999996 Speed:0.0 Pos:Point{x=0, y=10} Distance:0.0
Antes: 0.0
Después:               398.8297
Friction:0.34999996 Speed:0.0 Pos:Point{x=0, y=10} Distance:0.0
Antes: 0.0
Después:               398.8297
Friction:0.34999996 Speed:0.0 Pos:Point{x=0, y=10} Distance:0.0
Antes: 0.0
Después:               398.8297
Transmitiendo fuerza :1405804.0 a Linker{, pos=Point{x=0, y=11}, dir=N}
Friction:0.34999996 Speed:0.0 Pos:Point{x=0, y=10} Distance:0.0
Antes: 0.0
Después:               401.6583
Friction:0.34999996 Speed:0.0 Pos:Point{x=0, y=10} Distance:0.0
Antes: 0.0
Después:               401.6583
Friction:0.34999996 Speed:0.0 Pos:Point{x=0, y=10} Distance:0.0
Antes: 0.0
Después:               401.6583
Friction:0.34999996 Speed:0.0 Pos:Point{x=0, y=10} Distance:0.0
Antes: 0.0
Después:               401.6583
Friction:0.34999996 Speed:0.0 Pos:Point{x=0, y=10} Distance:0.0
Antes: 0.0
Después:               401.6583
Friction:0.34999996 Speed:0.0 Pos:Point{x=0, y=10} Distance:0.0
Antes: 0.0
Después:               401.6583
Transmitiendo fuerza :1415704.1 a Linker{, pos=Point{x=0, y=11}, dir=N}
Friction:0.34999996 Speed:0.0 Pos:Point{x=0, y=10} Distance:0.0
Antes: 0.0
Después:               404.4869
Friction:0.34999996 Speed:0.0 Pos:Point{x=0, y=10} Distance:0.0
Antes: 0.0
Después:               404.4869
Friction:0.34999996 Speed:0.0 Pos:Point{x=0, y=10} Distance:0.0
Antes: 0.0
Después:               404.4869
Friction:0.34999996 Speed:0.0 Pos:Point{x=0, y=10} Distance:0.0
Antes: 0.0
Después:               404.4869
Friction:0.34999996 Speed:0.0 Pos:Point{x=0, y=10} Distance:0.0
Antes: 0.0
Después:               404.4869
Friction:0.34999996 Speed:0.0 Pos:Point{x=0, y=10} Distance:0.0
Antes: 0.0
Después:               404.4869
Transmitiendo fuerza :1425604.2 a Linker{, pos=Point{x=0, y=11}, dir=N}
Friction:0.34999996 Speed:0.0 Pos:Point{x=0, y=10} Distance:0.0
Antes: 0.0
Después:               407.3155
Friction:0.34999996 Speed:0.0 Pos:Point{x=0, y=10} Distance:0.0
Antes: 0.0
Después:               407.3155
Friction:0.34999996 Speed:0.0 Pos:Point{x=0, y=10} Distance:0.0
Antes: 0.0
Después:               407.3155
Friction:0.34999996 Speed:0.0 Pos:Point{x=0, y=10} Distance:0.0
Antes: 0.0
Después:               407.3155
Friction:0.34999996 Speed:0.0 Pos:Point{x=0, y=10} Distance:0.0
Antes: 0.0
Después:               407.3155
Friction:0.34999996 Speed:0.0 Pos:Point{x=0, y=10} Distance:0.0
Antes: 0.0
Después:               407.3155
Transmitiendo fuerza :1435504.2 a Linker{, pos=Point{x=0, y=11}, dir=N}
Friction:0.34999996 Speed:0.0 Pos:Point{x=0, y=10} Distance:0.0
Antes: 0.0
Después:               410.14407
Friction:0.34999996 Speed:0.0 Pos:Point{x=0, y=10} Distance:0.0
Antes: 0.0
Después:               410.14407
Friction:0.34999996 Speed:0.0 Pos:Point{x=0, y=10} Distance:0.0
Antes: 0.0
Después:               410.14407
Friction:0.34999996 Speed:0.0 Pos:Point{x=0, y=10} Distance:0.0
Antes: 0.0
Después:               410.14407
Friction:0.34999996 Speed:0.0 Pos:Point{x=0, y=10} Distance:0.0
Antes: 0.0
Después:               410.14407
Friction:0.34999996 Speed:0.0 Pos:Point{x=0, y=10} Distance:0.0
Antes: 0.0
Después:               410.14407
Transmitiendo fuerza :1445404.2 a Linker{, pos=Point{x=0, y=11}, dir=N}
Friction:0.34999996 Speed:0.0 Pos:Point{x=0, y=10} Distance:0.0
Antes: 0.0
Después:               412.97266
Friction:0.34999996 Speed:0.0 Pos:Point{x=0, y=10} Distance:0.0
Antes: 0.0
Después:               412.97266
Friction:0.34999996 Speed:0.0 Pos:Point{x=0, y=10} Distance:0.0
Antes: 0.0
Después:               412.97266
Friction:0.34999996 Speed:0.0 Pos:Point{x=0, y=10} Distance:0.0
Antes: 0.0
Después:               412.97266
Friction:0.34999996 Speed:0.0 Pos:Point{x=0, y=10} Distance:0.0
Antes: 0.0
Después:               412.97266
Friction:0.34999996 Speed:0.0 Pos:Point{x=0, y=10} Distance:0.0
Antes: 0.0
Después:               412.97266
Transmitiendo fuerza :1455304.4 a Linker{, pos=Point{x=0, y=11}, dir=N}
Friction:0.34999996 Speed:0.0 Pos:Point{x=0, y=10} Distance:0.0
Antes: 0.0
Después:               415.80124
Friction:0.34999996 Speed:0.0 Pos:Point{x=0, y=10} Distance:0.0
Antes: 0.0
Después:               415.80124
Friction:0.34999996 Speed:0.0 Pos:Point{x=0, y=10} Distance:0.0
Antes: 0.0
Después:               415.80124
Friction:0.34999996 Speed:0.0 Pos:Point{x=0, y=10} Distance:0.0
Antes: 0.0
Después:               415.80124
Friction:0.34999996 Speed:0.0 Pos:Point{x=0, y=10} Distance:0.0
Antes: 0.0
Después:               415.80124
Friction:0.34999996 Speed:0.0 Pos:Point{x=0, y=10} Distance:0.0
Antes: 0.0
Después:               415.80124
Transmitiendo fuerza :1465204.4 a Linker{, pos=Point{x=0, y=11}, dir=N}
Friction:0.34999996 Speed:0.0 Pos:Point{x=0, y=10} Distance:0.0
Antes: 0.0
Después:               418.62982
Friction:0.34999996 Speed:0.0 Pos:Point{x=0, y=10} Distance:0.0
Antes: 0.0
Después:               418.62982
Friction:0.34999996 Speed:0.0 Pos:Point{x=0, y=10} Distance:0.0
Antes: 0.0
Después:               418.62982
Friction:0.34999996 Speed:0.0 Pos:Point{x=0, y=10} Distance:0.0
Antes: 0.0
Después:               418.62982
Friction:0.34999996 Speed:0.0 Pos:Point{x=0, y=10} Distance:0.0
Antes: 0.0
Después:               418.62982
Friction:0.34999996 Speed:0.0 Pos:Point{x=0, y=10} Distance:0.0
Antes: 0.0
Después:               418.62982
Transmitiendo fuerza :1475104.4 a Linker{, pos=Point{x=0, y=11}, dir=N}
Friction:0.34999996 Speed:0.0 Pos:Point{x=0, y=10} Distance:0.0
Antes: 0.0
Después:               421.4584
Friction:0.34999996 Speed:0.0 Pos:Point{x=0, y=10} Distance:0.0
Antes: 0.0
Después:               421.4584
Friction:0.34999996 Speed:0.0 Pos:Point{x=0, y=10} Distance:0.0
Antes: 0.0
Después:               421.4584
Friction:0.34999996 Speed:0.0 Pos:Point{x=0, y=10} Distance:0.0
Antes: 0.0
Después:               421.4584
Friction:0.34999996 Speed:0.0 Pos:Point{x=0, y=10} Distance:0.0
Antes: 0.0
Después:               421.4584
Friction:0.34999996 Speed:0.0 Pos:Point{x=0, y=10} Distance:0.0
Antes: 0.0
Después:               421.4584
Transmitiendo fuerza :1485004.5 a Linker{, pos=Point{x=0, y=11}, dir=N}
Friction:0.34999996 Speed:0.0 Pos:Point{x=0, y=10} Distance:0.0
Antes: 0.0
Después:               424.287
Friction:0.34999996 Speed:0.0 Pos:Point{x=0, y=10} Distance:0.0
Antes: 0.0
Después:               424.287
Friction:0.34999996 Speed:0.0 Pos:Point{x=0, y=10} Distance:0.0
Antes: 0.0
Después:               424.287
Friction:0.34999996 Speed:0.0 Pos:Point{x=0, y=10} Distance:0.0
Antes: 0.0
Después:               424.287
Friction:0.34999996 Speed:0.0 Pos:Point{x=0, y=10} Distance:0.0
Antes: 0.0
Después:               424.287
Friction:0.34999996 Speed:0.0 Pos:Point{x=0, y=10} Distance:0.0
Antes: 0.0
Después:               424.287
Transmitiendo fuerza :1494904.5 a Linker{, pos=Point{x=0, y=11}, dir=N}
Friction:0.34999996 Speed:0.0 Pos:Point{x=0, y=10} Distance:0.0
Antes: 0.0
Después:               427.11557
Friction:0.34999996 Speed:0.0 Pos:Point{x=0, y=10} Distance:0.0
Antes: 0.0
Después:               427.11557
Friction:0.34999996 Speed:0.0 Pos:Point{x=0, y=10} Distance:0.0
Antes: 0.0
Después:               427.11557
Friction:0.34999996 Speed:0.0 Pos:Point{x=0, y=10} Distance:0.0
Antes: 0.0
Después:               427.11557
Friction:0.34999996 Speed:0.0 Pos:Point{x=0, y=10} Distance:0.0
Antes: 0.0
Después:               427.11557
Friction:0.34999996 Speed:0.0 Pos:Point{x=0, y=10} Distance:0.0
Antes: 0.0
Después:               427.11557
Transmitiendo fuerza :1504804.5 a Linker{, pos=Point{x=0, y=11}, dir=N}
Friction:0.34999996 Speed:0.0 Pos:Point{x=0, y=10} Distance:0.0
Antes: 0.0
Después:               429.94415
Friction:0.34999996 Speed:0.0 Pos:Point{x=0, y=10} Distance:0.0
Antes: 0.0
Después:               429.94415
Friction:0.34999996 Speed:0.0 Pos:Point{x=0, y=10} Distance:0.0
Antes: 0.0
Después:               429.94415
Friction:0.34999996 Speed:0.0 Pos:Point{x=0, y=10} Distance:0.0
Antes: 0.0
Después:               429.94415
Friction:0.34999996 Speed:0.0 Pos:Point{x=0, y=10} Distance:0.0
Antes: 0.0
Después:               429.94415
Friction:0.34999996 Speed:0.0 Pos:Point{x=0, y=10} Distance:0.0
Antes: 0.0
Después:               429.94415
Transmitiendo fuerza :1514704.6 a Linker{, pos=Point{x=0, y=11}, dir=N}
Friction:0.34999996 Speed:0.0 Pos:Point{x=0, y=10} Distance:0.0
Antes: 0.0
Después:               432.77274
Friction:0.34999996 Speed:0.0 Pos:Point{x=0, y=10} Distance:0.0
Antes: 0.0
Después:               432.77274
Friction:0.34999996 Speed:0.0 Pos:Point{x=0, y=10} Distance:0.0
Antes: 0.0
Después:               432.77274
Friction:0.34999996 Speed:0.0 Pos:Point{x=0, y=10} Distance:0.0
Antes: 0.0
Después:               432.77274
Friction:0.34999996 Speed:0.0 Pos:Point{x=0, y=10} Distance:0.0
Antes: 0.0
Después:               432.77274
Friction:0.34999996 Speed:0.0 Pos:Point{x=0, y=10} Distance:0.0
Antes: 0.0
Después:               432.77274
Transmitiendo fuerza :1524604.6 a Linker{, pos=Point{x=0, y=11}, dir=N}
Friction:0.34999996 Speed:0.0 Pos:Point{x=0, y=10} Distance:0.0
Antes: 0.0
Después:               435.60132
Friction:0.34999996 Speed:0.0 Pos:Point{x=0, y=10} Distance:0.0
Antes: 0.0
Después:               435.60132
Friction:0.34999996 Speed:0.0 Pos:Point{x=0, y=10} Distance:0.0
Antes: 0.0
Después:               435.60132
Friction:0.34999996 Speed:0.0 Pos:Point{x=0, y=10} Distance:0.0
Antes: 0.0
Después:               435.60132
Friction:0.34999996 Speed:0.0 Pos:Point{x=0, y=10} Distance:0.0
Antes: 0.0
Después:               435.60132
Friction:0.34999996 Speed:0.0 Pos:Point{x=0, y=10} Distance:0.0
Antes: 0.0
Después:               435.60132
Transmitiendo fuerza :1534504.6 a Linker{, pos=Point{x=0, y=11}, dir=N}
Friction:0.34999996 Speed:0.0 Pos:Point{x=0, y=10} Distance:0.0
Antes: 0.0
Después:               438.4299
Friction:0.34999996 Speed:0.0 Pos:Point{x=0, y=10} Distance:0.0
Antes: 0.0
Después:               438.4299
Friction:0.34999996 Speed:0.0 Pos:Point{x=0, y=10} Distance:0.0
Antes: 0.0
Después:               438.4299
Friction:0.34999996 Speed:0.0 Pos:Point{x=0, y=10} Distance:0.0
Antes: 0.0
Después:               438.4299
Friction:0.34999996 Speed:0.0 Pos:Point{x=0, y=10} Distance:0.0
Antes: 0.0
Después:               438.4299
Friction:0.34999996 Speed:0.0 Pos:Point{x=0, y=10} Distance:0.0
Antes: 0.0
Después:               438.4299
Transmitiendo fuerza :1544404.8 a Linker{, pos=Point{x=0, y=11}, dir=N}
Friction:0.34999996 Speed:0.0 Pos:Point{x=0, y=10} Distance:0.0
Antes: 0.0
Después:               441.2585
Friction:0.34999996 Speed:0.0 Pos:Point{x=0, y=10} Distance:0.0
Antes: 0.0
Después:               441.2585
Friction:0.34999996 Speed:0.0 Pos:Point{x=0, y=10} Distance:0.0
Antes: 0.0
Después:               441.2585
Friction:0.34999996 Speed:0.0 Pos:Point{x=0, y=10} Distance:0.0
Antes: 0.0
Después:               441.2585
Friction:0.34999996 Speed:0.0 Pos:Point{x=0, y=10} Distance:0.0
Antes: 0.0
Después:               441.2585
Friction:0.34999996 Speed:0.0 Pos:Point{x=0, y=10} Distance:0.0
Antes: 0.0
Después:               441.2585
Transmitiendo fuerza :1554304.9 a Linker{, pos=Point{x=0, y=11}, dir=N}
Friction:0.34999996 Speed:0.0 Pos:Point{x=0, y=10} Distance:0.0
Antes: 0.0
Después:               444.0871
Friction:0.34999996 Speed:0.0 Pos:Point{x=0, y=10} Distance:0.0
Antes: 0.0
Después:               444.0871
Friction:0.34999996 Speed:0.0 Pos:Point{x=0, y=10} Distance:0.0
Antes: 0.0
Después:               444.0871
Friction:0.34999996 Speed:0.0 Pos:Point{x=0, y=10} Distance:0.0
Antes: 0.0
Después:               444.0871
Friction:0.34999996 Speed:0.0 Pos:Point{x=0, y=10} Distance:0.0
Antes: 0.0
Después:               444.0871
Friction:0.34999996 Speed:0.0 Pos:Point{x=0, y=10} Distance:0.0
Antes: 0.0
Después:               444.0871
Transmitiendo fuerza :1564204.9 a Linker{, pos=Point{x=0, y=11}, dir=N}
Friction:0.34999996 Speed:0.0 Pos:Point{x=0, y=10} Distance:0.0
Antes: 0.0
Después:               446.91568
Friction:0.34999996 Speed:0.0 Pos:Point{x=0, y=10} Distance:0.0
Antes: 0.0
Después:               446.91568
Friction:0.34999996 Speed:0.0 Pos:Point{x=0, y=10} Distance:0.0
Antes: 0.0
Después:               446.91568
Friction:0.34999996 Speed:0.0 Pos:Point{x=0, y=10} Distance:0.0
Antes: 0.0
Después:               446.91568
Friction:0.34999996 Speed:0.0 Pos:Point{x=0, y=10} Distance:0.0
Antes: 0.0
Después:               446.91568
Friction:0.34999996 Speed:0.0 Pos:Point{x=0, y=10} Distance:0.0
Antes: 0.0
Después:               446.91568
Transmitiendo fuerza :1574104.9 a Linker{, pos=Point{x=0, y=11}, dir=N}
Friction:0.34999996 Speed:0.0 Pos:Point{x=0, y=10} Distance:0.0
Antes: 0.0
Después:               449.74426
Friction:0.34999996 Speed:0.0 Pos:Point{x=0, y=10} Distance:0.0
Antes: 0.0
Después:               449.74426
Friction:0.34999996 Speed:0.0 Pos:Point{x=0, y=10} Distance:0.0
Antes: 0.0
Después:               449.74426
Friction:0.34999996 Speed:0.0 Pos:Point{x=0, y=10} Distance:0.0
Antes: 0.0
Después:               449.74426
Friction:0.34999996 Speed:0.0 Pos:Point{x=0, y=10} Distance:0.0
Antes: 0.0
Después:               449.74426
Friction:0.34999996 Speed:0.0 Pos:Point{x=0, y=10} Distance:0.0
Antes: 0.0
Después:               449.74426
Transmitiendo fuerza :1584005.0 a Linker{, pos=Point{x=0, y=11}, dir=N}
Friction:0.34999996 Speed:0.0 Pos:Point{x=0, y=10} Distance:0.0
Antes: 0.0
Después:               452.57285
Friction:0.34999996 Speed:0.0 Pos:Point{x=0, y=10} Distance:0.0
Antes: 0.0
Después:               452.57285
Friction:0.34999996 Speed:0.0 Pos:Point{x=0, y=10} Distance:0.0
Antes: 0.0
Después:               452.57285
Friction:0.34999996 Speed:0.0 Pos:Point{x=0, y=10} Distance:0.0
Antes: 0.0
Después:               452.57285
Friction:0.34999996 Speed:0.0 Pos:Point{x=0, y=10} Distance:0.0
Antes: 0.0
Después:               452.57285
Friction:0.34999996 Speed:0.0 Pos:Point{x=0, y=10} Distance:0.0
Antes: 0.0
Después:               452.57285
Transmitiendo fuerza :1593905.0 a Linker{, pos=Point{x=0, y=11}, dir=N}
Friction:0.34999996 Speed:0.0 Pos:Point{x=0, y=10} Distance:0.0
Antes: 0.0
Después:               455.40143
Friction:0.34999996 Speed:0.0 Pos:Point{x=0, y=10} Distance:0.0
Antes: 0.0
Después:               455.40143
Friction:0.34999996 Speed:0.0 Pos:Point{x=0, y=10} Distance:0.0
Antes: 0.0
Después:               455.40143
Friction:0.34999996 Speed:0.0 Pos:Point{x=0, y=10} Distance:0.0
Antes: 0.0
Después:               455.40143
Friction:0.34999996 Speed:0.0 Pos:Point{x=0, y=10} Distance:0.0
Antes: 0.0
Después:               455.40143
Friction:0.34999996 Speed:0.0 Pos:Point{x=0, y=10} Distance:0.0
Antes: 0.0
Después:               455.40143
Transmitiendo fuerza :1603805.0 a Linker{, pos=Point{x=0, y=11}, dir=N}
Friction:0.34999996 Speed:0.0 Pos:Point{x=0, y=10} Distance:0.0
Antes: 0.0
Después:               458.23
Friction:0.34999996 Speed:0.0 Pos:Point{x=0, y=10} Distance:0.0
Antes: 0.0
Después:               458.23
Friction:0.34999996 Speed:0.0 Pos:Point{x=0, y=10} Distance:0.0
Antes: 0.0
Después:               458.23
Friction:0.34999996 Speed:0.0 Pos:Point{x=0, y=10} Distance:0.0
Antes: 0.0
Después:               458.23
Friction:0.34999996 Speed:0.0 Pos:Point{x=0, y=10} Distance:0.0
Antes: 0.0
Después:               458.23
Friction:0.34999996 Speed:0.0 Pos:Point{x=0, y=10} Distance:0.0
Antes: 0.0
Después:               458.23
Transmitiendo fuerza :1613705.1 a Linker{, pos=Point{x=0, y=11}, dir=N}
Friction:0.34999996 Speed:0.0 Pos:Point{x=0, y=10} Distance:0.0
Antes: 0.0
Después:               461.0586
Friction:0.34999996 Speed:0.0 Pos:Point{x=0, y=10} Distance:0.0
Antes: 0.0
Después:               461.0586
Friction:0.34999996 Speed:0.0 Pos:Point{x=0, y=10} Distance:0.0
Antes: 0.0
Después:               461.0586
Friction:0.34999996 Speed:0.0 Pos:Point{x=0, y=10} Distance:0.0
Antes: 0.0
Después:               461.0586
Friction:0.34999996 Speed:0.0 Pos:Point{x=0, y=10} Distance:0.0
Antes: 0.0
Después:               461.0586
Friction:0.34999996 Speed:0.0 Pos:Point{x=0, y=10} Distance:0.0
Antes: 0.0
Después:               461.0586
Transmitiendo fuerza :1623605.1 a Linker{, pos=Point{x=0, y=11}, dir=N}
Friction:0.34999996 Speed:0.0 Pos:Point{x=0, y=10} Distance:0.0
Antes: 0.0
Después:               463.88718
Friction:0.34999996 Speed:0.0 Pos:Point{x=0, y=10} Distance:0.0
Antes: 0.0
Después:               463.88718
Friction:0.34999996 Speed:0.0 Pos:Point{x=0, y=10} Distance:0.0
Antes: 0.0
Después:               463.88718
Friction:0.34999996 Speed:0.0 Pos:Point{x=0, y=10} Distance:0.0
Antes: 0.0
Después:               463.88718
Friction:0.34999996 Speed:0.0 Pos:Point{x=0, y=10} Distance:0.0
Antes: 0.0
Después:               463.88718
Friction:0.34999996 Speed:0.0 Pos:Point{x=0, y=10} Distance:0.0
Antes: 0.0
Después:               463.88718
Transmitiendo fuerza :1633505.1 a Linker{, pos=Point{x=0, y=11}, dir=N}
Friction:0.34999996 Speed:0.0 Pos:Point{x=0, y=10} Distance:0.0
Antes: 0.0
Después:               466.71576
Friction:0.34999996 Speed:0.0 Pos:Point{x=0, y=10} Distance:0.0
Antes: 0.0
Después:               466.71576
Friction:0.34999996 Speed:0.0 Pos:Point{x=0, y=10} Distance:0.0
Antes: 0.0
Después:               466.71576
Friction:0.34999996 Speed:0.0 Pos:Point{x=0, y=10} Distance:0.0
Antes: 0.0
Después:               466.71576
Friction:0.34999996 Speed:0.0 Pos:Point{x=0, y=10} Distance:0.0
Antes: 0.0
Después:               466.71576
Friction:0.34999996 Speed:0.0 Pos:Point{x=0, y=10} Distance:0.0
Antes: 0.0
Después:               466.71576
Transmitiendo fuerza :1643405.2 a Linker{, pos=Point{x=0, y=11}, dir=N}
Friction:0.34999996 Speed:0.0 Pos:Point{x=0, y=10} Distance:0.0
Antes: 0.0
Después:               469.54434
Friction:0.34999996 Speed:0.0 Pos:Point{x=0, y=10} Distance:0.0
Antes: 0.0
Después:               469.54434
Friction:0.34999996 Speed:0.0 Pos:Point{x=0, y=10} Distance:0.0
Antes: 0.0
Después:               469.54434
Friction:0.34999996 Speed:0.0 Pos:Point{x=0, y=10} Distance:0.0
Antes: 0.0
Después:               469.54434
Friction:0.34999996 Speed:0.0 Pos:Point{x=0, y=10} Distance:0.0
Frenando
Antes: 0.0
Después:               469.54434
0.0: Point{x=0, y=10}
Antes: 0.0
Después:               469.54434
Transmitiendo fuerza :1643185.2 a Linker{, pos=Point{x=0, y=11}, dir=N}
0.0: Point{x=0, y=10}
Antes: 0.0
Después:               469.4815
0.0: Point{x=0, y=10}
Antes: 0.0
Después:               469.4815
0.0: Point{x=0, y=10}
Antes: 0.0
Después:               469.4815
0.0: Point{x=0, y=10}
Antes: 0.0
Después:               469.4815
0.0: Point{x=0, y=10}
Antes: 0.0
Después:               469.4815
0.0: Point{x=0, y=10}
Antes: 0.0
Después:               469.4815
Transmitiendo fuerza :1642965.4 a Linker{, pos=Point{x=0, y=11}, dir=N}
0.0: Point{x=0, y=10}
Antes: 0.0
Después:               469.41867
0.0: Point{x=0, y=10}
Antes: 0.0
Después:               469.41867
0.0: Point{x=0, y=10}
Antes: 0.0
Después:               0.0
Antes: 0.0
Después:               0.0
Antes: 0.0
Después:               0.0
Antes: 0.0
Después:               0.0
Antes: 0.0
Después:               0.0
]]></system-out>
  <system-err><![CDATA[]]></system-err>
</testsuite>
