<?xml version="1.0" encoding="UTF-8"?>
<testsuite xmlns:xsi="http://www.w3.org/2001/XMLSchema-instance" xsi:noNamespaceSchemaLocation="https://maven.apache.org/surefire/maven-surefire-plugin/xsd/surefire-test-report-3.0.xsd" version="3.0" name="letrain.itinerary.AutoPilotIntegrationTest$UserScenario" time="0.326" tests="1" errors="0" skipped="0" failures="0">
  <properties>
[...]
</properties>
  <testcase name="userScenario_headOnCollisionInLoop" classname="letrain.itinerary.AutoPilotIntegrationTest$UserScenario" time="0.325">
    <system-out><![CDATA[=== TOPOLOGY DEBUG ===
Fork 1 at 73370,-35667
Fork 2 at 73349,-35667
Fork 3 at 73351,-35664
Fork 4 at 73371,-35664
Train 1 route: [S1, S3], pos=73360,-35668, dir=E
Train 2 route: [S4, S3, S0, S2], pos=73357,-35664, dir=E
======================
TICK 100: T1 head=73361,-35668 sp=1 seg=S1 next=S3 wait=false wp=1 | T2 head=73357,-35664 sp=0 seg=S4 next=S3 wait=true wp=2
TICK 200: T1 head=73365,-35668 sp=2 seg=S1 next=S3 wait=false wp=1 | T2 head=73357,-35664 sp=0 seg=S4 next=S3 wait=true wp=2
TICK 300: T1 head=73372,-35667 sp=3 seg=S3 next=S5 wait=false wp=1 | T2 head=73357,-35664 sp=0 seg=S4 next=S3 wait=true wp=2
TICK 370: T1 head=73376,-35667 sp=3 seg=S3 next=S5 wait=false wp=1 | T2 head=73357,-35664 sp=0 seg=S4 next=S3 wait=true wp=2
TICK 371: T1 head=73376,-35667 sp=3 seg=S3 next=S5 wait=false wp=1 | T2 head=73357,-35664 sp=0 seg=S4 next=S3 wait=true wp=2
TICK 372: T1 head=73376,-35667 sp=3 seg=S3 next=S5 wait=false wp=1 | T2 head=73357,-35664 sp=0 seg=S4 next=S3 wait=true wp=2
TICK 373: T1 head=73376,-35667 sp=3 seg=S3 next=S5 wait=false wp=1 | T2 head=73357,-35664 sp=0 seg=S4 next=S3 wait=true wp=2
TICK 374: T1 head=73376,-35667 sp=3 seg=S3 next=S5 wait=false wp=1 | T2 head=73357,-35664 sp=0 seg=S4 next=S3 wait=true wp=2
TICK 375: T1 head=73376,-35667 sp=3 seg=S3 next=S5 wait=false wp=1 | T2 head=73357,-35664 sp=0 seg=S4 next=S3 wait=true wp=2
TICK 376: T1 head=73376,-35667 sp=3 seg=S3 next=S5 wait=false wp=1 | T2 head=73357,-35664 sp=0 seg=S4 next=S3 wait=true wp=2
TICK 377: T1 head=73377,-35667 sp=3 seg=S3 next=S5 wait=false wp=1 | T2 head=73357,-35664 sp=0 seg=S4 next=S3 wait=true wp=2
TICK 378: T1 head=73377,-35667 sp=3 seg=S3 next=S5 wait=false wp=1 | T2 head=73357,-35664 sp=0 seg=S4 next=S3 wait=true wp=2
TICK 379: T1 head=73377,-35667 sp=3 seg=S3 next=S5 wait=false wp=1 | T2 head=73357,-35664 sp=0 seg=S4 next=S3 wait=true wp=2
TICK 380: T1 head=73377,-35667 sp=3 seg=S3 next=S5 wait=false wp=1 | T2 head=73357,-35664 sp=0 seg=S4 next=S3 wait=true wp=2
TICK 381: T1 head=73377,-35667 sp=3 seg=S3 next=S5 wait=false wp=1 | T2 head=73357,-35664 sp=0 seg=S4 next=S3 wait=true wp=2
TICK 382: T1 head=73377,-35667 sp=3 seg=S3 next=S5 wait=false wp=1 | T2 head=73357,-35664 sp=0 seg=S4 next=S3 wait=true wp=2
TICK 383: T1 head=73377,-35667 sp=3 seg=S3 next=S5 wait=false wp=1 | T2 head=73357,-35664 sp=0 seg=S4 next=S3 wait=true wp=2
TICK 384: T1 head=73377,-35667 sp=3 seg=S3 next=S5 wait=false wp=1 | T2 head=73357,-35664 sp=0 seg=S4 next=S3 wait=true wp=2
TICK 385: T1 head=73377,-35667 sp=3 seg=S3 next=S5 wait=false wp=1 | T2 head=73357,-35664 sp=0 seg=S4 next=S3 wait=true wp=2
TICK 386: T1 head=73377,-35667 sp=3 seg=S3 next=S5 wait=false wp=1 | T2 head=73357,-35664 sp=0 seg=S4 next=S3 wait=true wp=2
TICK 387: T1 head=73377,-35667 sp=3 seg=S3 next=S5 wait=false wp=1 | T2 head=73357,-35664 sp=0 seg=S4 next=S3 wait=true wp=2
TICK 388: T1 head=73377,-35667 sp=3 seg=S3 next=S5 wait=false wp=1 | T2 head=73357,-35664 sp=0 seg=S4 next=S3 wait=true wp=2
TICK 389: T1 head=73377,-35667 sp=3 seg=S3 next=S5 wait=false wp=1 | T2 head=73357,-35664 sp=0 seg=S4 next=S3 wait=true wp=2
TICK 390: T1 head=73377,-35667 sp=3 seg=S3 next=S5 wait=false wp=1 | T2 head=73357,-35664 sp=0 seg=S4 next=S3 wait=true wp=2
TICK 391: T1 head=73377,-35667 sp=3 seg=S3 next=S5 wait=false wp=1 | T2 head=73357,-35664 sp=0 seg=S4 next=S3 wait=true wp=2
TICK 392: T1 head=73377,-35667 sp=3 seg=S3 next=S5 wait=false wp=1 | T2 head=73357,-35664 sp=0 seg=S4 next=S3 wait=true wp=2
TICK 393: T1 head=73378,-35666 sp=3 seg=S3 next=S5 wait=false wp=1 | T2 head=73357,-35664 sp=0 seg=S4 next=S3 wait=true wp=2
TICK 394: T1 head=73378,-35666 sp=3 seg=S3 next=S5 wait=false wp=1 | T2 head=73357,-35664 sp=0 seg=S4 next=S3 wait=true wp=2
TICK 395: T1 head=73378,-35666 sp=3 seg=S3 next=S5 wait=false wp=1 | T2 head=73357,-35664 sp=0 seg=S4 next=S3 wait=true wp=2
TICK 396: T1 head=73378,-35666 sp=3 seg=S3 next=S5 wait=false wp=1 | T2 head=73357,-35664 sp=0 seg=S4 next=S3 wait=true wp=2
TICK 397: T1 head=73378,-35666 sp=3 seg=S3 next=S5 wait=false wp=1 | T2 head=73357,-35664 sp=0 seg=S4 next=S3 wait=true wp=2
TICK 398: T1 head=73378,-35666 sp=3 seg=S3 next=S5 wait=false wp=1 | T2 head=73357,-35664 sp=0 seg=S4 next=S3 wait=true wp=2
TICK 399: T1 head=73378,-35666 sp=3 seg=S3 next=S5 wait=false wp=1 | T2 head=73357,-35664 sp=0 seg=S4 next=S3 wait=true wp=2
TICK 400: T1 head=73378,-35666 sp=3 seg=S3 next=S5 wait=false wp=1 | T2 head=73357,-35664 sp=0 seg=S4 next=S3 wait=true wp=2
TICK 401: T1 head=73378,-35666 sp=3 seg=S3 next=S5 wait=false wp=1 | T2 head=73357,-35664 sp=0 seg=S4 next=S3 wait=true wp=2
TICK 402: T1 head=73378,-35666 sp=3 seg=S3 next=S5 wait=false wp=1 | T2 head=73357,-35664 sp=0 seg=S4 next=S3 wait=true wp=2
TICK 403: T1 head=73378,-35666 sp=3 seg=S3 next=S5 wait=false wp=1 | T2 head=73357,-35664 sp=0 seg=S4 next=S3 wait=true wp=2
TICK 404: T1 head=73378,-35666 sp=3 seg=S3 next=S5 wait=false wp=1 | T2 head=73357,-35664 sp=0 seg=S4 next=S3 wait=true wp=2
TICK 405: T1 head=73378,-35666 sp=3 seg=S3 next=S5 wait=false wp=1 | T2 head=73357,-35664 sp=0 seg=S4 next=S3 wait=true wp=2
TICK 406: T1 head=73378,-35666 sp=3 seg=S3 next=S5 wait=false wp=1 | T2 head=73357,-35664 sp=0 seg=S4 next=S3 wait=true wp=2
TICK 407: T1 head=73378,-35666 sp=3 seg=S3 next=S5 wait=false wp=1 | T2 head=73357,-35664 sp=0 seg=S4 next=S3 wait=true wp=2
TICK 408: T1 head=73378,-35666 sp=3 seg=S3 next=S5 wait=false wp=1 | T2 head=73357,-35664 sp=0 seg=S4 next=S3 wait=true wp=2
TICK 409: T1 head=73378,-35665 sp=3 seg=S3 next=S5 wait=false wp=1 | T2 head=73357,-35664 sp=0 seg=S4 next=S3 wait=true wp=2
TICK 410: T1 head=73378,-35665 sp=3 seg=S3 next=S5 wait=false wp=1 | T2 head=73357,-35664 sp=0 seg=S4 next=S3 wait=true wp=2
TICK 411: T1 head=73378,-35665 sp=3 seg=S3 next=S5 wait=false wp=1 | T2 head=73357,-35664 sp=0 seg=S4 next=S3 wait=true wp=2
TICK 412: T1 head=73378,-35665 sp=3 seg=S3 next=S5 wait=false wp=1 | T2 head=73357,-35664 sp=0 seg=S4 next=S3 wait=true wp=2
TICK 413: T1 head=73378,-35665 sp=3 seg=S3 next=S5 wait=false wp=1 | T2 head=73357,-35664 sp=0 seg=S4 next=S3 wait=true wp=2
TICK 414: T1 head=73378,-35665 sp=3 seg=S3 next=S5 wait=false wp=1 | T2 head=73357,-35664 sp=0 seg=S4 next=S3 wait=true wp=2
TICK 415: T1 head=73378,-35665 sp=3 seg=S3 next=S5 wait=false wp=1 | T2 head=73357,-35664 sp=0 seg=S4 next=S3 wait=true wp=2
TICK 416: T1 head=73378,-35665 sp=3 seg=S3 next=S5 wait=false wp=1 | T2 head=73357,-35664 sp=0 seg=S4 next=S3 wait=true wp=2
TICK 417: T1 head=73378,-35665 sp=3 seg=S3 next=S5 wait=false wp=1 | T2 head=73357,-35664 sp=0 seg=S4 next=S3 wait=true wp=2
TICK 418: T1 head=73378,-35665 sp=3 seg=S3 next=S5 wait=false wp=1 | T2 head=73357,-35664 sp=0 seg=S4 next=S3 wait=true wp=2
TICK 419: T1 head=73378,-35665 sp=3 seg=S3 next=S5 wait=false wp=1 | T2 head=73357,-35664 sp=0 seg=S4 next=S3 wait=true wp=2
TICK 420: T1 head=73378,-35665 sp=3 seg=S3 next=S5 wait=false wp=1 | T2 head=73357,-35664 sp=0 seg=S4 next=S3 wait=true wp=2
TICK 500: T1 head=73373,-35664 sp=3 seg=S3 next=S5 wait=false wp=2 | T2 head=73357,-35664 sp=0 seg=S4 next=S3 wait=true wp=2
TICK 600: T1 head=73367,-35665 sp=3 seg=S5 next=S2 wait=false wp=2 | T2 head=73358,-35664 sp=1 seg=S4 next=S3 wait=false wp=2
TICK 700: T1 head=73360,-35665 sp=3 seg=S5 next=S2 wait=false wp=2 | T2 head=73361,-35664 sp=2 seg=S4 next=S3 wait=false wp=2
TICK 800: T1 head=73354,-35665 sp=3 seg=S5 next=S2 wait=false wp=2 | T2 head=73367,-35664 sp=3 seg=S4 next=S3 wait=false wp=2
TICK 900: T1 head=73348,-35664 sp=3 seg=S2 next=S0 wait=false wp=2 | T2 head=73373,-35664 sp=3 seg=S3 next=S1 wait=false wp=2
Train 2 reached Station 1 at tick 912
TICK 1000: T1 head=73342,-35664 sp=3 seg=S2 next=S0 wait=false wp=2 | T2 head=73378,-35666 sp=3 seg=S3 next=S1 wait=false wp=2
TICK 1100: T1 head=73342,-35667 sp=3 seg=S2 next=S0 wait=false wp=2 | T2 head=73372,-35667 sp=3 seg=S3 next=S1 wait=false wp=2
Train 1 reached Station 2 at tick 1145
]]></system-out>
  </testcase>
</testsuite>