<?xml version="1.0" encoding="UTF-8"?>
<testsuite xmlns:xsi="http://www.w3.org/2001/XMLSchema-instance" xsi:noNamespaceSchemaLocation="https://maven.apache.org/surefire/maven-surefire-plugin/xsd/surefire-test-report-3.0.xsd" version="3.0" name="letrain.core.segments.RailwayGraphTest" time="0.053" tests="8" errors="0" skipped="0" failures="0">
  <properties>
[...]
</properties>
  <testcase name="testGetNextPorts" classname="letrain.core.segments.RailwayGraphTest" time="0.005"/>
  <testcase name="testFindPathToSelf" classname="letrain.core.segments.RailwayGraphTest" time="0.003"/>
  <testcase name="testMultipleExitsFromFork" classname="letrain.core.segments.RailwayGraphTest" time="0.002"/>
  <testcase name="testCircularSegment" classname="letrain.core.segments.RailwayGraphTest" time="0.004"/>
  <testcase name="testFindPath" classname="letrain.core.segments.RailwayGraphTest" time="0.004"/>
  <testcase name="testFindNonExistentPath" classname="letrain.core.segments.RailwayGraphTest" time="0.004"/>
  <testcase name="testEndOfTrackReturnsEmpty" classname="letrain.core.segments.RailwayGraphTest" time="0.002"/>
  <testcase name="testNonExistentPort" classname="letrain.core.segments.RailwayGraphTest" time="0.003"/>
</testsuite>