<?xml version="1.0" encoding="UTF-8"?>
<testsuite xmlns:xsi="http://www.w3.org/2001/XMLSchema-instance" xsi:noNamespaceSchemaLocation="https://maven.apache.org/surefire/maven-surefire-plugin/xsd/surefire-test-report-3.0.xsd" version="3.0" name="letrain.map.DirTest" time="0.432" tests="123" errors="0" skipped="0" failures="0">
  <properties>
[...]
</properties>
  <testcase name="testAdd(int, Dir, Dir)[1]" classname="letrain.map.DirTest" time="0.013"/>
  <testcase name="testAdd(int, Dir, Dir)[2]" classname="letrain.map.DirTest" time="0.001"/>
  <testcase name="testAdd(int, Dir, Dir)[3]" classname="letrain.map.DirTest" time="0.001"/>
  <testcase name="testAdd(int, Dir, Dir)[4]" classname="letrain.map.DirTest" time="0.001"/>
  <testcase name="testAdd(int, Dir, Dir)[5]" classname="letrain.map.DirTest" time="0.001"/>
  <testcase name="testAdd(int, Dir, Dir)[6]" classname="letrain.map.DirTest" time="0.001"/>
  <testcase name="testAdd(int, Dir, Dir)[7]" classname="letrain.map.DirTest" time="0.001"/>
  <testcase name="testAdd(int, Dir, Dir)[8]" classname="letrain.map.DirTest" time="0.001"/>
  <testcase name="testAdd(int, Dir, Dir)[9]" classname="letrain.map.DirTest" time="0.001"/>
  <testcase name="testAdd(int, Dir, Dir)[10]" classname="letrain.map.DirTest" time="0.001"/>
  <testcase name="testAdd(int, Dir, Dir)[11]" classname="letrain.map.DirTest" time="0.001"/>
  <testcase name="testAdd(int, Dir, Dir)[12]" classname="letrain.map.DirTest" time="0.001"/>
  <testcase name="testAdd(int, Dir, Dir)[13]" classname="letrain.map.DirTest" time="0.002"/>
  <testcase name="testAdd(int, Dir, Dir)[14]" classname="letrain.map.DirTest" time="0.002"/>
  <testcase name="testAdd(int, Dir, Dir)[15]" classname="letrain.map.DirTest" time="0.002"/>
  <testcase name="testAdd(int, Dir, Dir)[16]" classname="letrain.map.DirTest" time="0.002"/>
  <testcase name="testAdd(int, Dir, Dir)[17]" classname="letrain.map.DirTest" time="0.001"/>
  <testcase name="testIsValidValue(int, boolean)[1]" classname="letrain.map.DirTest" time="0.002"/>
  <testcase name="testIsValidValue(int, boolean)[2]" classname="letrain.map.DirTest" time="0.001"/>
  <testcase name="testIsValidValue(int, boolean)[3]" classname="letrain.map.DirTest" time="0.001"/>
  <testcase name="testIsValidValue(int, boolean)[4]" classname="letrain.map.DirTest" time="0.001"/>
  <testcase name="testIsValidValue(int, boolean)[5]" classname="letrain.map.DirTest" time="0.001"/>
  <testcase name="testIsValidValue(int, boolean)[6]" classname="letrain.map.DirTest" time="0"/>
  <testcase name="testIsValidValue(int, boolean)[7]" classname="letrain.map.DirTest" time="0.001"/>
  <testcase name="testIsValidValue(int, boolean)[8]" classname="letrain.map.DirTest" time="0.001"/>
  <testcase name="testIsValidValue(int, boolean)[9]" classname="letrain.map.DirTest" time="0.001"/>
  <testcase name="testIsValidValue(int, boolean)[10]" classname="letrain.map.DirTest" time="0.001"/>
  <testcase name="testIsValidValue(int, boolean)[11]" classname="letrain.map.DirTest" time="0.001"/>
  <testcase name="testIsValidValue(int, boolean)[12]" classname="letrain.map.DirTest" time="0.001"/>
  <testcase name="testIsValidValue(int, boolean)[13]" classname="letrain.map.DirTest" time="0.001"/>
  <testcase name="testIsValidValue(int, boolean)[14]" classname="letrain.map.DirTest" time="0"/>
  <testcase name="testIsValidValue(int, boolean)[15]" classname="letrain.map.DirTest" time="0.001"/>
  <testcase name="testIsValidValue(int, boolean)[16]" classname="letrain.map.DirTest" time="0.001"/>
  <testcase name="testIsValidValue(int, boolean)[17]" classname="letrain.map.DirTest" time="0.001"/>
  <testcase name="testToString" classname="letrain.map.DirTest" time="0"/>
  <testcase name="testFromInt(int, Dir)[1]" classname="letrain.map.DirTest" time="0.001"/>
  <testcase name="testFromInt(int, Dir)[2]" classname="letrain.map.DirTest" time="0.001"/>
  <testcase name="testFromInt(int, Dir)[3]" classname="letrain.map.DirTest" time="0.001"/>
  <testcase name="testFromInt(int, Dir)[4]" classname="letrain.map.DirTest" time="0"/>
  <testcase name="testFromInt(int, Dir)[5]" classname="letrain.map.DirTest" time="0.001"/>
  <testcase name="testFromInt(int, Dir)[6]" classname="letrain.map.DirTest" time="0.001"/>
  <testcase name="testFromInt(int, Dir)[7]" classname="letrain.map.DirTest" time="0.001"/>
  <testcase name="testFromInt(int, Dir)[8]" classname="letrain.map.DirTest" time="0.001"/>
  <testcase name="testFromInt(int, Dir)[9]" classname="letrain.map.DirTest" time="0.001"/>
  <testcase name="testFromInt(int, Dir)[10]" classname="letrain.map.DirTest" time="0.001"/>
  <testcase name="testFromInt(int, Dir)[11]" classname="letrain.map.DirTest" time="0.001"/>
  <testcase name="testFromInt(int, Dir)[12]" classname="letrain.map.DirTest" time="0.001"/>
  <testcase name="testFromInt(int, Dir)[13]" classname="letrain.map.DirTest" time="0.001"/>
  <testcase name="testFromInt(int, Dir)[14]" classname="letrain.map.DirTest" time="0"/>
  <testcase name="testFromInt(int, Dir)[15]" classname="letrain.map.DirTest" time="0"/>
  <testcase name="testFromInt(int, Dir)[16]" classname="letrain.map.DirTest" time="0.002"/>
  <testcase name="testFromInt(int, Dir)[17]" classname="letrain.map.DirTest" time="0.001"/>
  <testcase name="testAngularDistance(Dir, int)[1]" classname="letrain.map.DirTest" time="0.001"/>
  <testcase name="testAngularDistance(Dir, int)[2]" classname="letrain.map.DirTest" time="0.001"/>
  <testcase name="testAngularDistance(Dir, int)[3]" classname="letrain.map.DirTest" time="0.001"/>
  <testcase name="testAngularDistance(Dir, int)[4]" classname="letrain.map.DirTest" time="0.001"/>
  <testcase name="testAngularDistance(Dir, int)[5]" classname="letrain.map.DirTest" time="0.001"/>
  <testcase name="testAngularDistance(Dir, int)[6]" classname="letrain.map.DirTest" time="0.001"/>
  <testcase name="testAngularDistance(Dir, int)[7]" classname="letrain.map.DirTest" time="0"/>
  <testcase name="testAngularDistance(Dir, int)[8]" classname="letrain.map.DirTest" time="0.001"/>
  <testcase name="testIsStraight(Dir, boolean)[1]" classname="letrain.map.DirTest" time="0.002"/>
  <testcase name="testIsStraight(Dir, boolean)[2]" classname="letrain.map.DirTest" time="0.003"/>
  <testcase name="testIsStraight(Dir, boolean)[3]" classname="letrain.map.DirTest" time="0.001"/>
  <testcase name="testIsStraight(Dir, boolean)[4]" classname="letrain.map.DirTest" time="0.002"/>
  <testcase name="testIsStraight(Dir, boolean)[5]" classname="letrain.map.DirTest" time="0.002"/>
  <testcase name="testIsStraight(Dir, boolean)[6]" classname="letrain.map.DirTest" time="0.005"/>
  <testcase name="testIsStraight(Dir, boolean)[7]" classname="letrain.map.DirTest" time="0.003"/>
  <testcase name="testIsStraight(Dir, boolean)[8]" classname="letrain.map.DirTest" time="0.001"/>
  <testcase name="testShortWay(int, int)[1]" classname="letrain.map.DirTest" time="0.002"/>
  <testcase name="testShortWay(int, int)[2]" classname="letrain.map.DirTest" time="0.002"/>
  <testcase name="testShortWay(int, int)[3]" classname="letrain.map.DirTest" time="0.001"/>
  <testcase name="testShortWay(int, int)[4]" classname="letrain.map.DirTest" time="0.001"/>
  <testcase name="testShortWay(int, int)[5]" classname="letrain.map.DirTest" time="0.001"/>
  <testcase name="testShortWay(int, int)[6]" classname="letrain.map.DirTest" time="0.002"/>
  <testcase name="testShortWay(int, int)[7]" classname="letrain.map.DirTest" time="0.001"/>
  <testcase name="testShortWay(int, int)[8]" classname="letrain.map.DirTest" time="0.001"/>
  <testcase name="testShortWay(int, int)[9]" classname="letrain.map.DirTest" time="0.001"/>
  <testcase name="testShortWay(int, int)[10]" classname="letrain.map.DirTest" time="0.001"/>
  <testcase name="testShortWay(int, int)[11]" classname="letrain.map.DirTest" time="0.001"/>
  <testcase name="testShortWay(int, int)[12]" classname="letrain.map.DirTest" time="0.001"/>
  <testcase name="testShortWay(int, int)[13]" classname="letrain.map.DirTest" time="0.002"/>
  <testcase name="testShortWay(int, int)[14]" classname="letrain.map.DirTest" time="0.001"/>
  <testcase name="testShortWay(int, int)[15]" classname="letrain.map.DirTest" time="0.001"/>
  <testcase name="testTurnRight(Dir, Dir)[1]" classname="letrain.map.DirTest" time="0.002"/>
  <testcase name="testTurnRight(Dir, Dir)[2]" classname="letrain.map.DirTest" time="0.001"/>
  <testcase name="testTurnRight(Dir, Dir)[3]" classname="letrain.map.DirTest" time="0.001"/>
  <testcase name="testTurnRight(Dir, Dir)[4]" classname="letrain.map.DirTest" time="0.001"/>
  <testcase name="testTurnRight(Dir, Dir)[5]" classname="letrain.map.DirTest" time="0.002"/>
  <testcase name="testTurnRight(Dir, Dir)[6]" classname="letrain.map.DirTest" time="0.001"/>
  <testcase name="testTurnRight(Dir, Dir)[7]" classname="letrain.map.DirTest" time="0.001"/>
  <testcase name="testTurnRight(Dir, Dir)[8]" classname="letrain.map.DirTest" time="0.002"/>
  <testcase name="testTurnLeft(Dir, Dir)[1]" classname="letrain.map.DirTest" time="0.003"/>
  <testcase name="testTurnLeft(Dir, Dir)[2]" classname="letrain.map.DirTest" time="0.003"/>
  <testcase name="testTurnLeft(Dir, Dir)[3]" classname="letrain.map.DirTest" time="0"/>
  <testcase name="testTurnLeft(Dir, Dir)[4]" classname="letrain.map.DirTest" time="0.001"/>
  <testcase name="testTurnLeft(Dir, Dir)[5]" classname="letrain.map.DirTest" time="0.002"/>
  <testcase name="testTurnLeft(Dir, Dir)[6]" classname="letrain.map.DirTest" time="0.002"/>
  <testcase name="testTurnLeft(Dir, Dir)[7]" classname="letrain.map.DirTest" time="0.001"/>
  <testcase name="testTurnLeft(Dir, Dir)[8]" classname="letrain.map.DirTest" time="0.001"/>
  <testcase name="testInvert(Dir, Dir)[1]" classname="letrain.map.DirTest" time="0.002"/>
  <testcase name="testInvert(Dir, Dir)[2]" classname="letrain.map.DirTest" time="0.001"/>
  <testcase name="testInvert(Dir, Dir)[3]" classname="letrain.map.DirTest" time="0.001"/>
  <testcase name="testInvert(Dir, Dir)[4]" classname="letrain.map.DirTest" time="0.001"/>
  <testcase name="testInvert(Dir, Dir)[5]" classname="letrain.map.DirTest" time="0.002"/>
  <testcase name="testInvert(Dir, Dir)[6]" classname="letrain.map.DirTest" time="0.001"/>
  <testcase name="testInvert(Dir, Dir)[7]" classname="letrain.map.DirTest" time="0.001"/>
  <testcase name="testInvert(Dir, Dir)[8]" classname="letrain.map.DirTest" time="0.001"/>
  <testcase name="testInverse(Dir, Dir)[1]" classname="letrain.map.DirTest" time="0.001"/>
  <testcase name="testInverse(Dir, Dir)[2]" classname="letrain.map.DirTest" time="0.001"/>
  <testcase name="testInverse(Dir, Dir)[3]" classname="letrain.map.DirTest" time="0.001"/>
  <testcase name="testInverse(Dir, Dir)[4]" classname="letrain.map.DirTest" time="0.001"/>
  <testcase name="testInverse(Dir, Dir)[5]" classname="letrain.map.DirTest" time="0.001"/>
  <testcase name="testInverse(Dir, Dir)[6]" classname="letrain.map.DirTest" time="0.001"/>
  <testcase name="testInverse(Dir, Dir)[7]" classname="letrain.map.DirTest" time="0"/>
  <testcase name="testInverse(Dir, Dir)[8]" classname="letrain.map.DirTest" time="0.001"/>
  <testcase name="testIsCurve(Dir, boolean)[1]" classname="letrain.map.DirTest" time="0.001"/>
  <testcase name="testIsCurve(Dir, boolean)[2]" classname="letrain.map.DirTest" time="0"/>
  <testcase name="testIsCurve(Dir, boolean)[3]" classname="letrain.map.DirTest" time="0.001"/>
  <testcase name="testIsCurve(Dir, boolean)[4]" classname="letrain.map.DirTest" time="0.001"/>
  <testcase name="testIsCurve(Dir, boolean)[5]" classname="letrain.map.DirTest" time="0.002"/>
  <testcase name="testIsCurve(Dir, boolean)[6]" classname="letrain.map.DirTest" time="0.001"/>
  <testcase name="testIsCurve(Dir, boolean)[7]" classname="letrain.map.DirTest" time="0.001"/>
  <testcase name="testIsCurve(Dir, boolean)[8]" classname="letrain.map.DirTest" time="0"/>
</testsuite>